[1.095s] Invoking command in '/home/yesid/Robotica/src/my_taller1': PYTHONPATH=/home/yesid/Robotica/build/my_taller1/prefix_override:/home/yesid/Robotica/install/my_taller1/lib/python3.10/site-packages:${PYTHONPATH} /usr/bin/python3 setup.py egg_info --egg-base ../../build/my_taller1 build --build-base /home/yesid/Robotica/build/my_taller1/build install --record /home/yesid/Robotica/build/my_taller1/install.log --single-version-externally-managed
[1.347s] running egg_info
[1.348s] writing ../../build/my_taller1/my_taller1.egg-info/PKG-INFO
[1.349s] writing dependency_links to ../../build/my_taller1/my_taller1.egg-info/dependency_links.txt
[1.349s] writing entry points to ../../build/my_taller1/my_taller1.egg-info/entry_points.txt
[1.349s] writing requirements to ../../build/my_taller1/my_taller1.egg-info/requires.txt
[1.349s] writing top-level names to ../../build/my_taller1/my_taller1.egg-info/top_level.txt
[1.351s] reading manifest file '../../build/my_taller1/my_taller1.egg-info/SOURCES.txt'
[1.353s] writing manifest file '../../build/my_taller1/my_taller1.egg-info/SOURCES.txt'
[1.353s] running build
[1.353s] running build_py
[1.353s] copying my_taller1/keyboard_teleop_hold.py -> /home/yesid/Robotica/build/my_taller1/build/lib/my_taller1
[1.354s] copying my_taller1/teleop.py -> /home/yesid/Robotica/build/my_taller1/build/lib/my_taller1
[1.354s] running install
[1.354s] /usr/lib/python3/dist-packages/setuptools/command/install.py:34: SetuptoolsDeprecationWarning: setup.py install is deprecated. Use build and pip and other standards-based tools.
[1.354s]   warnings.warn(
[1.355s] running install_lib
[1.356s] copying /home/yesid/Robotica/build/my_taller1/build/lib/my_taller1/keyboard_teleop_hold.py -> /home/yesid/Robotica/install/my_taller1/lib/python3.10/site-packages/my_taller1
[1.356s] copying /home/yesid/Robotica/build/my_taller1/build/lib/my_taller1/teleop.py -> /home/yesid/Robotica/install/my_taller1/lib/python3.10/site-packages/my_taller1
[1.357s] byte-compiling /home/yesid/Robotica/install/my_taller1/lib/python3.10/site-packages/my_taller1/keyboard_teleop_hold.py to keyboard_teleop_hold.cpython-310.pyc
[1.359s] byte-compiling /home/yesid/Robotica/install/my_taller1/lib/python3.10/site-packages/my_taller1/teleop.py to teleop.cpython-310.pyc
[1.360s] running install_data
[1.362s] running install_egg_info
[1.364s] removing '/home/yesid/Robotica/install/my_taller1/lib/python3.10/site-packages/my_taller1-0.0.0-py3.10.egg-info' (and everything under it)
[1.364s] Copying ../../build/my_taller1/my_taller1.egg-info to /home/yesid/Robotica/install/my_taller1/lib/python3.10/site-packages/my_taller1-0.0.0-py3.10.egg-info
[1.366s] running install_scripts
[1.387s] Installing client_player script to /home/yesid/Robotica/install/my_taller1/lib/my_taller1
[1.387s] Installing keyboard_teleop_hold script to /home/yesid/Robotica/install/my_taller1/lib/my_taller1
[1.387s] Installing nodo1 script to /home/yesid/Robotica/install/my_taller1/lib/my_taller1
[1.387s] Installing position script to /home/yesid/Robotica/install/my_taller1/lib/my_taller1
[1.387s] Installing service_player script to /home/yesid/Robotica/install/my_taller1/lib/my_taller1
[1.388s] writing list of installed files to '/home/yesid/Robotica/build/my_taller1/install.log'
[1.428s] Invoked command in '/home/yesid/Robotica/src/my_taller1' returned '0': PYTHONPATH=/home/yesid/Robotica/build/my_taller1/prefix_override:/home/yesid/Robotica/install/my_taller1/lib/python3.10/site-packages:${PYTHONPATH} /usr/bin/python3 setup.py egg_info --egg-base ../../build/my_taller1 build --build-base /home/yesid/Robotica/build/my_taller1/build install --record /home/yesid/Robotica/build/my_taller1/install.log --single-version-externally-managed
