[1.118s] Invoking command in '/home/yesid/Robotica/src/taller1': PYTHONPATH=/home/yesid/Robotica/build/taller1/prefix_override:/home/yesid/Robotica/install/taller1/lib/python3.10/site-packages:${PYTHONPATH} /usr/bin/python3 setup.py egg_info --egg-base ../../build/taller1 build --build-base /home/yesid/Robotica/build/taller1/build install --record /home/yesid/Robotica/build/taller1/install.log --single-version-externally-managed
[1.382s] running egg_info
[1.383s] creating ../../build/taller1/taller1.egg-info
[1.383s] writing ../../build/taller1/taller1.egg-info/PKG-INFO
[1.384s] writing dependency_links to ../../build/taller1/taller1.egg-info/dependency_links.txt
[1.384s] writing entry points to ../../build/taller1/taller1.egg-info/entry_points.txt
[1.384s] writing requirements to ../../build/taller1/taller1.egg-info/requires.txt
[1.384s] writing top-level names to ../../build/taller1/taller1.egg-info/top_level.txt
[1.384s] writing manifest file '../../build/taller1/taller1.egg-info/SOURCES.txt'
[1.386s] reading manifest file '../../build/taller1/taller1.egg-info/SOURCES.txt'
[1.387s] writing manifest file '../../build/taller1/taller1.egg-info/SOURCES.txt'
[1.387s] running build
[1.387s] running build_py
[1.387s] creating /home/yesid/Robotica/build/taller1/build
[1.388s] creating /home/yesid/Robotica/build/taller1/build/lib
[1.388s] creating /home/yesid/Robotica/build/taller1/build/lib/taller1
[1.388s] copying taller1/__init__.py -> /home/yesid/Robotica/build/taller1/build/lib/taller1
[1.388s] running install
[1.388s] /usr/lib/python3/dist-packages/setuptools/command/install.py:34: SetuptoolsDeprecationWarning: setup.py install is deprecated. Use build and pip and other standards-based tools.
[1.388s]   warnings.warn(
[1.388s] running install_lib
[1.389s] creating /home/yesid/Robotica/install/taller1/lib/python3.10/site-packages/taller1
[1.389s] copying /home/yesid/Robotica/build/taller1/build/lib/taller1/__init__.py -> /home/yesid/Robotica/install/taller1/lib/python3.10/site-packages/taller1
[1.389s] byte-compiling /home/yesid/Robotica/install/taller1/lib/python3.10/site-packages/taller1/__init__.py to __init__.cpython-310.pyc
[1.390s] running install_data
[1.390s] creating /home/yesid/Robotica/install/taller1/share/ament_index
[1.391s] creating /home/yesid/Robotica/install/taller1/share/ament_index/resource_index
[1.391s] creating /home/yesid/Robotica/install/taller1/share/ament_index/resource_index/packages
[1.391s] copying resource/taller1 -> /home/yesid/Robotica/install/taller1/share/ament_index/resource_index/packages
[1.391s] copying package.xml -> /home/yesid/Robotica/install/taller1/share/taller1
[1.391s] running install_egg_info
[1.392s] Copying ../../build/taller1/taller1.egg-info to /home/yesid/Robotica/install/taller1/lib/python3.10/site-packages/taller1-0.0.0-py3.10.egg-info
[1.393s] running install_scripts
[1.416s] writing list of installed files to '/home/yesid/Robotica/build/taller1/install.log'
[1.448s] Invoked command in '/home/yesid/Robotica/src/taller1' returned '0': PYTHONPATH=/home/yesid/Robotica/build/taller1/prefix_override:/home/yesid/Robotica/install/taller1/lib/python3.10/site-packages:${PYTHONPATH} /usr/bin/python3 setup.py egg_info --egg-base ../../build/taller1 build --build-base /home/yesid/Robotica/build/taller1/build install --record /home/yesid/Robotica/build/taller1/install.log --single-version-externally-managed
