running egg_info
creating ../../build/turtle_bot_teleop/turtle_bot_teleop.egg-info
writing ../../build/turtle_bot_teleop/turtle_bot_teleop.egg-info/PKG-INFO
writing dependency_links to ../../build/turtle_bot_teleop/turtle_bot_teleop.egg-info/dependency_links.txt
writing entry points to ../../build/turtle_bot_teleop/turtle_bot_teleop.egg-info/entry_points.txt
writing requirements to ../../build/turtle_bot_teleop/turtle_bot_teleop.egg-info/requires.txt
writing top-level names to ../../build/turtle_bot_teleop/turtle_bot_teleop.egg-info/top_level.txt
writing manifest file '../../build/turtle_bot_teleop/turtle_bot_teleop.egg-info/SOURCES.txt'
reading manifest file '../../build/turtle_bot_teleop/turtle_bot_teleop.egg-info/SOURCES.txt'
writing manifest file '../../build/turtle_bot_teleop/turtle_bot_teleop.egg-info/SOURCES.txt'
running build
running build_py
creating /home/yesid/Robotica/taller1/build/turtle_bot_teleop/build
creating /home/yesid/Robotica/taller1/build/turtle_bot_teleop/build/lib
creating /home/yesid/Robotica/taller1/build/turtle_bot_teleop/build/lib/turtle_bot_teleop
copying turtle_bot_teleop/__init__.py -> /home/yesid/Robotica/taller1/build/turtle_bot_teleop/build/lib/turtle_bot_teleop
running install
/usr/lib/python3/dist-packages/setuptools/command/install.py:34: SetuptoolsDeprecationWarning: setup.py install is deprecated. Use build and pip and other standards-based tools.
  warnings.warn(
running install_lib
creating /home/yesid/Robotica/taller1/install/turtle_bot_teleop/lib/python3.10/site-packages/turtle_bot_teleop
copying /home/yesid/Robotica/taller1/build/turtle_bot_teleop/build/lib/turtle_bot_teleop/__init__.py -> /home/yesid/Robotica/taller1/install/turtle_bot_teleop/lib/python3.10/site-packages/turtle_bot_teleop
byte-compiling /home/yesid/Robotica/taller1/install/turtle_bot_teleop/lib/python3.10/site-packages/turtle_bot_teleop/__init__.py to __init__.cpython-310.pyc
running install_data
creating /home/yesid/Robotica/taller1/install/turtle_bot_teleop/share/ament_index
creating /home/yesid/Robotica/taller1/install/turtle_bot_teleop/share/ament_index/resource_index
creating /home/yesid/Robotica/taller1/install/turtle_bot_teleop/share/ament_index/resource_index/packages
copying resource/turtle_bot_teleop -> /home/yesid/Robotica/taller1/install/turtle_bot_teleop/share/ament_index/resource_index/packages
copying package.xml -> /home/yesid/Robotica/taller1/install/turtle_bot_teleop/share/turtle_bot_teleop
running install_egg_info
Copying ../../build/turtle_bot_teleop/turtle_bot_teleop.egg-info to /home/yesid/Robotica/taller1/install/turtle_bot_teleop/lib/python3.10/site-packages/turtle_bot_teleop-0.0.0-py3.10.egg-info
running install_scripts
writing list of installed files to '/home/yesid/Robotica/taller1/build/turtle_bot_teleop/install.log'
