[0.539s] Invoking command in '/home/yesid/Robotica/taller1/src/turtle_bot_teleop': PYTHONPATH=/home/yesid/Robotica/taller1/build/turtle_bot_teleop/prefix_override:/home/yesid/Robotica/taller1/install/turtle_bot_teleop/lib/python3.10/site-packages:${PYTHONPATH} /usr/bin/python3 setup.py egg_info --egg-base ../../build/turtle_bot_teleop build --build-base /home/yesid/Robotica/taller1/build/turtle_bot_teleop/build install --record /home/yesid/Robotica/taller1/build/turtle_bot_teleop/install.log --single-version-externally-managed
[0.731s] running egg_info
[0.732s] creating ../../build/turtle_bot_teleop/turtle_bot_teleop.egg-info
[0.732s] writing ../../build/turtle_bot_teleop/turtle_bot_teleop.egg-info/PKG-INFO
[0.732s] writing dependency_links to ../../build/turtle_bot_teleop/turtle_bot_teleop.egg-info/dependency_links.txt
[0.732s] writing entry points to ../../build/turtle_bot_teleop/turtle_bot_teleop.egg-info/entry_points.txt
[0.733s] writing requirements to ../../build/turtle_bot_teleop/turtle_bot_teleop.egg-info/requires.txt
[0.733s] writing top-level names to ../../build/turtle_bot_teleop/turtle_bot_teleop.egg-info/top_level.txt
[0.733s] writing manifest file '../../build/turtle_bot_teleop/turtle_bot_teleop.egg-info/SOURCES.txt'
[0.734s] reading manifest file '../../build/turtle_bot_teleop/turtle_bot_teleop.egg-info/SOURCES.txt'
[0.735s] writing manifest file '../../build/turtle_bot_teleop/turtle_bot_teleop.egg-info/SOURCES.txt'
[0.735s] running build
[0.736s] running build_py
[0.736s] creating /home/yesid/Robotica/taller1/build/turtle_bot_teleop/build
[0.736s] creating /home/yesid/Robotica/taller1/build/turtle_bot_teleop/build/lib
[0.736s] creating /home/yesid/Robotica/taller1/build/turtle_bot_teleop/build/lib/turtle_bot_teleop
[0.736s] copying turtle_bot_teleop/__init__.py -> /home/yesid/Robotica/taller1/build/turtle_bot_teleop/build/lib/turtle_bot_teleop
[0.736s] running install
[0.736s] /usr/lib/python3/dist-packages/setuptools/command/install.py:34: SetuptoolsDeprecationWarning: setup.py install is deprecated. Use build and pip and other standards-based tools.
[0.736s]   warnings.warn(
[0.737s] running install_lib
[0.737s] creating /home/yesid/Robotica/taller1/install/turtle_bot_teleop/lib/python3.10/site-packages/turtle_bot_teleop
[0.737s] copying /home/yesid/Robotica/taller1/build/turtle_bot_teleop/build/lib/turtle_bot_teleop/__init__.py -> /home/yesid/Robotica/taller1/install/turtle_bot_teleop/lib/python3.10/site-packages/turtle_bot_teleop
[0.738s] byte-compiling /home/yesid/Robotica/taller1/install/turtle_bot_teleop/lib/python3.10/site-packages/turtle_bot_teleop/__init__.py to __init__.cpython-310.pyc
[0.738s] running install_data
[0.739s] creating /home/yesid/Robotica/taller1/install/turtle_bot_teleop/share/ament_index
[0.739s] creating /home/yesid/Robotica/taller1/install/turtle_bot_teleop/share/ament_index/resource_index
[0.739s] creating /home/yesid/Robotica/taller1/install/turtle_bot_teleop/share/ament_index/resource_index/packages
[0.739s] copying resource/turtle_bot_teleop -> /home/yesid/Robotica/taller1/install/turtle_bot_teleop/share/ament_index/resource_index/packages
[0.739s] copying package.xml -> /home/yesid/Robotica/taller1/install/turtle_bot_teleop/share/turtle_bot_teleop
[0.739s] running install_egg_info
[0.741s] Copying ../../build/turtle_bot_teleop/turtle_bot_teleop.egg-info to /home/yesid/Robotica/taller1/install/turtle_bot_teleop/lib/python3.10/site-packages/turtle_bot_teleop-0.0.0-py3.10.egg-info
[0.741s] running install_scripts
[0.761s] writing list of installed files to '/home/yesid/Robotica/taller1/build/turtle_bot_teleop/install.log'
[0.783s] Invoked command in '/home/yesid/Robotica/taller1/src/turtle_bot_teleop' returned '0': PYTHONPATH=/home/yesid/Robotica/taller1/build/turtle_bot_teleop/prefix_override:/home/yesid/Robotica/taller1/install/turtle_bot_teleop/lib/python3.10/site-packages:${PYTHONPATH} /usr/bin/python3 setup.py egg_info --egg-base ../../build/turtle_bot_teleop build --build-base /home/yesid/Robotica/taller1/build/turtle_bot_teleop/build install --record /home/yesid/Robotica/taller1/build/turtle_bot_teleop/install.log --single-version-externally-managed
