[0.520s] Invoking command in '/home/yesid/Robotica/src/taller1': PYTHONPATH=/home/yesid/Robotica/build/taller1/prefix_override:/home/yesid/Robotica/install/taller1/lib/python3.10/site-packages:${PYTHONPATH} /usr/bin/python3 setup.py egg_info --egg-base ../../build/taller1 build --build-base /home/yesid/Robotica/build/taller1/build install --record /home/yesid/Robotica/build/taller1/install.log --single-version-externally-managed
[0.716s] running egg_info
[0.716s] creating ../../build/taller1/taller1.egg-info
[0.716s] writing ../../build/taller1/taller1.egg-info/PKG-INFO
[0.717s] writing dependency_links to ../../build/taller1/taller1.egg-info/dependency_links.txt
[0.717s] writing entry points to ../../build/taller1/taller1.egg-info/entry_points.txt
[0.717s] writing requirements to ../../build/taller1/taller1.egg-info/requires.txt
[0.717s] writing top-level names to ../../build/taller1/taller1.egg-info/top_level.txt
[0.717s] writing manifest file '../../build/taller1/taller1.egg-info/SOURCES.txt'
[0.719s] reading manifest file '../../build/taller1/taller1.egg-info/SOURCES.txt'
[0.719s] writing manifest file '../../build/taller1/taller1.egg-info/SOURCES.txt'
[0.719s] running build
[0.720s] running build_py
[0.720s] creating /home/yesid/Robotica/build/taller1/build
[0.720s] creating /home/yesid/Robotica/build/taller1/build/lib
[0.720s] creating /home/yesid/Robotica/build/taller1/build/lib/taller1
[0.720s] copying taller1/__init__.py -> /home/yesid/Robotica/build/taller1/build/lib/taller1
[0.720s] running install
[0.720s] /usr/lib/python3/dist-packages/setuptools/command/install.py:34: SetuptoolsDeprecationWarning: setup.py install is deprecated. Use build and pip and other standards-based tools.
[0.720s]   warnings.warn(
[0.720s] running install_lib
[0.721s] creating /home/yesid/Robotica/install/taller1/lib/python3.10/site-packages/taller1
[0.721s] copying /home/yesid/Robotica/build/taller1/build/lib/taller1/__init__.py -> /home/yesid/Robotica/install/taller1/lib/python3.10/site-packages/taller1
[0.721s] byte-compiling /home/yesid/Robotica/install/taller1/lib/python3.10/site-packages/taller1/__init__.py to __init__.cpython-310.pyc
[0.722s] running install_data
[0.722s] creating /home/yesid/Robotica/install/taller1/share/ament_index
[0.722s] creating /home/yesid/Robotica/install/taller1/share/ament_index/resource_index
[0.722s] creating /home/yesid/Robotica/install/taller1/share/ament_index/resource_index/packages
[0.722s] copying resource/taller1 -> /home/yesid/Robotica/install/taller1/share/ament_index/resource_index/packages
[0.723s] copying package.xml -> /home/yesid/Robotica/install/taller1/share/taller1
[0.723s] running install_egg_info
[0.724s] Copying ../../build/taller1/taller1.egg-info to /home/yesid/Robotica/install/taller1/lib/python3.10/site-packages/taller1-0.0.0-py3.10.egg-info
[0.724s] running install_scripts
[0.743s] writing list of installed files to '/home/yesid/Robotica/build/taller1/install.log'
[0.762s] Invoked command in '/home/yesid/Robotica/src/taller1' returned '0': PYTHONPATH=/home/yesid/Robotica/build/taller1/prefix_override:/home/yesid/Robotica/install/taller1/lib/python3.10/site-packages:${PYTHONPATH} /usr/bin/python3 setup.py egg_info --egg-base ../../build/taller1 build --build-base /home/yesid/Robotica/build/taller1/build install --record /home/yesid/Robotica/build/taller1/install.log --single-version-externally-managed
