[0.378s] DEBUG:colcon:Command line arguments: ['/usr/bin/colcon', 'build']
[0.378s] DEBUG:colcon:Parsed command line arguments: Namespace(log_base=None, log_level=None, verb_name='build', build_base='build', install_base='install', merge_install=False, symlink_install=False, test_result_base=None, continue_on_error=False, executor='parallel', parallel_workers=8, event_handlers=None, ignore_user_meta=False, metas=['./colcon.meta'], base_paths=['.'], packages_ignore=None, packages_ignore_regex=None, paths=None, packages_up_to=None, packages_up_to_regex=None, packages_above=None, packages_above_and_dependencies=None, packages_above_depth=None, packages_select_by_dep=None, packages_skip_by_dep=None, packages_skip_up_to=None, packages_select_build_failed=False, packages_skip_build_finished=False, packages_select_test_failures=False, packages_skip_test_passed=False, packages_select=None, packages_skip=None, packages_select_regex=None, packages_skip_regex=None, packages_start=None, packages_end=None, allow_overriding=[], cmake_args=None, cmake_target=None, cmake_target_skip_unavailable=False, cmake_clean_cache=False, cmake_clean_first=False, cmake_force_configure=False, ament_cmake_args=None, catkin_cmake_args=None, catkin_skip_building_tests=False, verb_parser=<colcon_defaults.argument_parser.defaults.DefaultArgumentsDecorator object at 0x7feb3efce0e0>, verb_extension=<colcon_core.verb.build.BuildVerb object at 0x7feb3f74d180>, main=<bound method BuildVerb.main of <colcon_core.verb.build.BuildVerb object at 0x7feb3f74d180>>)
[0.428s] Level 1:colcon.colcon_core.package_discovery:discover_packages(colcon_meta) check parameters
[0.428s] Level 1:colcon.colcon_core.package_discovery:discover_packages(recursive) check parameters
[0.428s] Level 1:colcon.colcon_core.package_discovery:discover_packages(ignore) check parameters
[0.428s] Level 1:colcon.colcon_core.package_discovery:discover_packages(path) check parameters
[0.428s] Level 1:colcon.colcon_core.package_discovery:discover_packages(colcon_meta) discover
[0.428s] Level 1:colcon.colcon_core.package_discovery:discover_packages(recursive) discover
[0.428s] INFO:colcon.colcon_core.package_discovery:Crawling recursively for packages in '/home/yesid/Robotica'
[0.428s] Level 1:colcon.colcon_core.package_identification:_identify(.) by extensions ['ignore', 'ignore_ament_install']
[0.429s] Level 1:colcon.colcon_core.package_identification:_identify(.) by extension 'ignore'
[0.429s] Level 1:colcon.colcon_core.package_identification:_identify(.) by extension 'ignore_ament_install'
[0.429s] Level 1:colcon.colcon_core.package_identification:_identify(.) by extensions ['colcon_pkg']
[0.429s] Level 1:colcon.colcon_core.package_identification:_identify(.) by extension 'colcon_pkg'
[0.429s] Level 1:colcon.colcon_core.package_identification:_identify(.) by extensions ['colcon_meta']
[0.429s] Level 1:colcon.colcon_core.package_identification:_identify(.) by extension 'colcon_meta'
[0.429s] Level 1:colcon.colcon_core.package_identification:_identify(.) by extensions ['ros']
[0.429s] Level 1:colcon.colcon_core.package_identification:_identify(.) by extension 'ros'
[0.445s] Level 1:colcon.colcon_core.package_identification:_identify(.) by extensions ['cmake', 'python']
[0.445s] Level 1:colcon.colcon_core.package_identification:_identify(.) by extension 'cmake'
[0.445s] Level 1:colcon.colcon_core.package_identification:_identify(.) by extension 'python'
[0.445s] Level 1:colcon.colcon_core.package_identification:_identify(.) by extensions ['python_setup_py']
[0.445s] Level 1:colcon.colcon_core.package_identification:_identify(.) by extension 'python_setup_py'
[0.445s] Level 1:colcon.colcon_core.package_identification:_identify(build) by extensions ['ignore', 'ignore_ament_install']
[0.445s] Level 1:colcon.colcon_core.package_identification:_identify(build) by extension 'ignore'
[0.445s] Level 1:colcon.colcon_core.package_identification:_identify(build) ignored
[0.446s] Level 1:colcon.colcon_core.package_identification:_identify(install) by extensions ['ignore', 'ignore_ament_install']
[0.446s] Level 1:colcon.colcon_core.package_identification:_identify(install) by extension 'ignore'
[0.446s] Level 1:colcon.colcon_core.package_identification:_identify(install) ignored
[0.446s] Level 1:colcon.colcon_core.package_identification:_identify(log) by extensions ['ignore', 'ignore_ament_install']
[0.447s] Level 1:colcon.colcon_core.package_identification:_identify(log) by extension 'ignore'
[0.447s] Level 1:colcon.colcon_core.package_identification:_identify(log) ignored
[0.447s] Level 1:colcon.colcon_core.package_identification:_identify(src) by extensions ['ignore', 'ignore_ament_install']
[0.447s] Level 1:colcon.colcon_core.package_identification:_identify(src) by extension 'ignore'
[0.447s] Level 1:colcon.colcon_core.package_identification:_identify(src) by extension 'ignore_ament_install'
[0.448s] Level 1:colcon.colcon_core.package_identification:_identify(src) by extensions ['colcon_pkg']
[0.448s] Level 1:colcon.colcon_core.package_identification:_identify(src) by extension 'colcon_pkg'
[0.448s] Level 1:colcon.colcon_core.package_identification:_identify(src) by extensions ['colcon_meta']
[0.448s] Level 1:colcon.colcon_core.package_identification:_identify(src) by extension 'colcon_meta'
[0.448s] Level 1:colcon.colcon_core.package_identification:_identify(src) by extensions ['ros']
[0.448s] Level 1:colcon.colcon_core.package_identification:_identify(src) by extension 'ros'
[0.448s] Level 1:colcon.colcon_core.package_identification:_identify(src) by extensions ['cmake', 'python']
[0.448s] Level 1:colcon.colcon_core.package_identification:_identify(src) by extension 'cmake'
[0.448s] Level 1:colcon.colcon_core.package_identification:_identify(src) by extension 'python'
[0.448s] Level 1:colcon.colcon_core.package_identification:_identify(src) by extensions ['python_setup_py']
[0.448s] Level 1:colcon.colcon_core.package_identification:_identify(src) by extension 'python_setup_py'
[0.448s] Level 1:colcon.colcon_core.package_identification:_identify(src/my_taller1) by extensions ['ignore', 'ignore_ament_install']
[0.449s] Level 1:colcon.colcon_core.package_identification:_identify(src/my_taller1) by extension 'ignore'
[0.449s] Level 1:colcon.colcon_core.package_identification:_identify(src/my_taller1) by extension 'ignore_ament_install'
[0.449s] Level 1:colcon.colcon_core.package_identification:_identify(src/my_taller1) by extensions ['colcon_pkg']
[0.449s] Level 1:colcon.colcon_core.package_identification:_identify(src/my_taller1) by extension 'colcon_pkg'
[0.449s] Level 1:colcon.colcon_core.package_identification:_identify(src/my_taller1) by extensions ['colcon_meta']
[0.449s] Level 1:colcon.colcon_core.package_identification:_identify(src/my_taller1) by extension 'colcon_meta'
[0.449s] Level 1:colcon.colcon_core.package_identification:_identify(src/my_taller1) by extensions ['ros']
[0.449s] Level 1:colcon.colcon_core.package_identification:_identify(src/my_taller1) by extension 'ros'
[0.453s] DEBUG:colcon.colcon_core.package_identification:Package 'src/my_taller1' with type 'ros.ament_python' and name 'my_taller1'
[0.453s] Level 1:colcon.colcon_core.package_identification:_identify(src/taller1) by extensions ['ignore', 'ignore_ament_install']
[0.454s] Level 1:colcon.colcon_core.package_identification:_identify(src/taller1) by extension 'ignore'
[0.454s] Level 1:colcon.colcon_core.package_identification:_identify(src/taller1) by extension 'ignore_ament_install'
[0.454s] Level 1:colcon.colcon_core.package_identification:_identify(src/taller1) by extensions ['colcon_pkg']
[0.454s] Level 1:colcon.colcon_core.package_identification:_identify(src/taller1) by extension 'colcon_pkg'
[0.454s] Level 1:colcon.colcon_core.package_identification:_identify(src/taller1) by extensions ['colcon_meta']
[0.454s] Level 1:colcon.colcon_core.package_identification:_identify(src/taller1) by extension 'colcon_meta'
[0.454s] Level 1:colcon.colcon_core.package_identification:_identify(src/taller1) by extensions ['ros']
[0.454s] Level 1:colcon.colcon_core.package_identification:_identify(src/taller1) by extension 'ros'
[0.455s] DEBUG:colcon.colcon_core.package_identification:Package 'src/taller1' with type 'ros.ament_python' and name 'taller1'
[0.455s] Level 1:colcon.colcon_core.package_discovery:discover_packages(recursive) using defaults
[0.455s] Level 1:colcon.colcon_core.package_discovery:discover_packages(ignore) discover
[0.455s] Level 1:colcon.colcon_core.package_discovery:discover_packages(ignore) using defaults
[0.455s] Level 1:colcon.colcon_core.package_discovery:discover_packages(path) discover
[0.455s] Level 1:colcon.colcon_core.package_discovery:discover_packages(path) using defaults
[0.488s] Level 1:colcon.colcon_core.package_discovery:discover_packages(prefix_path) check parameters
[0.488s] Level 1:colcon.colcon_core.package_discovery:discover_packages(prefix_path) discover
[0.495s] DEBUG:colcon.colcon_installed_package_information.package_discovery:Found 284 installed packages in /opt/ros/humble
[0.497s] Level 1:colcon.colcon_core.package_discovery:discover_packages(prefix_path) using defaults
[0.576s] Level 5:colcon.colcon_core.verb:set package 'my_taller1' build argument 'cmake_args' from command line to 'None'
[0.576s] Level 5:colcon.colcon_core.verb:set package 'my_taller1' build argument 'cmake_target' from command line to 'None'
[0.576s] Level 5:colcon.colcon_core.verb:set package 'my_taller1' build argument 'cmake_target_skip_unavailable' from command line to 'False'
[0.577s] Level 5:colcon.colcon_core.verb:set package 'my_taller1' build argument 'cmake_clean_cache' from command line to 'False'
[0.577s] Level 5:colcon.colcon_core.verb:set package 'my_taller1' build argument 'cmake_clean_first' from command line to 'False'
[0.577s] Level 5:colcon.colcon_core.verb:set package 'my_taller1' build argument 'cmake_force_configure' from command line to 'False'
[0.577s] Level 5:colcon.colcon_core.verb:set package 'my_taller1' build argument 'ament_cmake_args' from command line to 'None'
[0.577s] Level 5:colcon.colcon_core.verb:set package 'my_taller1' build argument 'catkin_cmake_args' from command line to 'None'
[0.577s] Level 5:colcon.colcon_core.verb:set package 'my_taller1' build argument 'catkin_skip_building_tests' from command line to 'False'
[0.577s] DEBUG:colcon.colcon_core.verb:Building package 'my_taller1' with the following arguments: {'ament_cmake_args': None, 'build_base': '/home/yesid/Robotica/build/my_taller1', 'catkin_cmake_args': None, 'catkin_skip_building_tests': False, 'cmake_args': None, 'cmake_clean_cache': False, 'cmake_clean_first': False, 'cmake_force_configure': False, 'cmake_target': None, 'cmake_target_skip_unavailable': False, 'install_base': '/home/yesid/Robotica/install/my_taller1', 'merge_install': False, 'path': '/home/yesid/Robotica/src/my_taller1', 'symlink_install': False, 'test_result_base': None}
[0.578s] Level 5:colcon.colcon_core.verb:set package 'taller1' build argument 'cmake_args' from command line to 'None'
[0.578s] Level 5:colcon.colcon_core.verb:set package 'taller1' build argument 'cmake_target' from command line to 'None'
[0.578s] Level 5:colcon.colcon_core.verb:set package 'taller1' build argument 'cmake_target_skip_unavailable' from command line to 'False'
[0.579s] Level 5:colcon.colcon_core.verb:set package 'taller1' build argument 'cmake_clean_cache' from command line to 'False'
[0.579s] Level 5:colcon.colcon_core.verb:set package 'taller1' build argument 'cmake_clean_first' from command line to 'False'
[0.579s] Level 5:colcon.colcon_core.verb:set package 'taller1' build argument 'cmake_force_configure' from command line to 'False'
[0.579s] Level 5:colcon.colcon_core.verb:set package 'taller1' build argument 'ament_cmake_args' from command line to 'None'
[0.579s] Level 5:colcon.colcon_core.verb:set package 'taller1' build argument 'catkin_cmake_args' from command line to 'None'
[0.579s] Level 5:colcon.colcon_core.verb:set package 'taller1' build argument 'catkin_skip_building_tests' from command line to 'False'
[0.579s] DEBUG:colcon.colcon_core.verb:Building package 'taller1' with the following arguments: {'ament_cmake_args': None, 'build_base': '/home/yesid/Robotica/build/taller1', 'catkin_cmake_args': None, 'catkin_skip_building_tests': False, 'cmake_args': None, 'cmake_clean_cache': False, 'cmake_clean_first': False, 'cmake_force_configure': False, 'cmake_target': None, 'cmake_target_skip_unavailable': False, 'install_base': '/home/yesid/Robotica/install/taller1', 'merge_install': False, 'path': '/home/yesid/Robotica/src/taller1', 'symlink_install': False, 'test_result_base': None}
[0.580s] INFO:colcon.colcon_core.executor:Executing jobs using 'parallel' executor
[0.584s] DEBUG:colcon.colcon_parallel_executor.executor.parallel:run_until_complete
[0.584s] INFO:colcon.colcon_ros.task.ament_python.build:Building ROS package in '/home/yesid/Robotica/src/my_taller1' with build type 'ament_python'
[0.584s] Level 1:colcon.colcon_core.shell:create_environment_hook('my_taller1', 'ament_prefix_path')
[0.593s] INFO:colcon.colcon_core.plugin_system:Skipping extension 'colcon_core.shell.bat': Not used on non-Windows systems
[0.593s] INFO:colcon.colcon_core.shell:Creating environment hook '/home/yesid/Robotica/install/my_taller1/share/my_taller1/hook/ament_prefix_path.ps1'
[0.594s] INFO:colcon.colcon_core.shell:Creating environment descriptor '/home/yesid/Robotica/install/my_taller1/share/my_taller1/hook/ament_prefix_path.dsv'
[0.595s] INFO:colcon.colcon_core.shell:Creating environment hook '/home/yesid/Robotica/install/my_taller1/share/my_taller1/hook/ament_prefix_path.sh'
[0.598s] INFO:colcon.colcon_core.shell:Skip shell extension 'powershell' for command environment: Not usable outside of PowerShell
[0.599s] DEBUG:colcon.colcon_core.shell:Skip shell extension 'dsv' for command environment
[0.606s] INFO:colcon.colcon_ros.task.ament_python.build:Building ROS package in '/home/yesid/Robotica/src/taller1' with build type 'ament_python'
[0.606s] Level 1:colcon.colcon_core.shell:create_environment_hook('taller1', 'ament_prefix_path')
[0.608s] INFO:colcon.colcon_core.shell:Creating environment hook '/home/yesid/Robotica/install/taller1/share/taller1/hook/ament_prefix_path.ps1'
[0.610s] INFO:colcon.colcon_core.shell:Creating environment descriptor '/home/yesid/Robotica/install/taller1/share/taller1/hook/ament_prefix_path.dsv'
[0.610s] INFO:colcon.colcon_core.shell:Creating environment hook '/home/yesid/Robotica/install/taller1/share/taller1/hook/ament_prefix_path.sh'
[0.613s] INFO:colcon.colcon_core.shell:Skip shell extension 'powershell' for command environment: Not usable outside of PowerShell
[0.613s] DEBUG:colcon.colcon_core.shell:Skip shell extension 'dsv' for command environment
[0.951s] INFO:colcon.colcon_core.task.python.build:Building Python package in '/home/yesid/Robotica/src/my_taller1'
[0.953s] INFO:colcon.colcon_core.shell:Skip shell extension 'powershell' for command environment: Not usable outside of PowerShell
[0.953s] DEBUG:colcon.colcon_core.shell:Skip shell extension 'dsv' for command environment
[1.282s] INFO:colcon.colcon_core.task.python.build:Building Python package in '/home/yesid/Robotica/src/taller1'
[1.284s] INFO:colcon.colcon_core.shell:Skip shell extension 'powershell' for command environment: Not usable outside of PowerShell
[1.284s] DEBUG:colcon.colcon_core.shell:Skip shell extension 'dsv' for command environment
[1.944s] DEBUG:colcon.colcon_core.event_handler.log_command:Invoking command in '/home/yesid/Robotica/src/my_taller1': PYTHONPATH=/home/yesid/Robotica/build/my_taller1/prefix_override:/home/yesid/Robotica/install/my_taller1/lib/python3.10/site-packages:${PYTHONPATH} /usr/bin/python3 setup.py egg_info --egg-base ../../build/my_taller1 build --build-base /home/yesid/Robotica/build/my_taller1/build install --record /home/yesid/Robotica/build/my_taller1/install.log --single-version-externally-managed
[1.947s] DEBUG:colcon.colcon_core.event_handler.log_command:Invoking command in '/home/yesid/Robotica/src/taller1': PYTHONPATH=/home/yesid/Robotica/build/taller1/prefix_override:/home/yesid/Robotica/install/taller1/lib/python3.10/site-packages:${PYTHONPATH} /usr/bin/python3 setup.py egg_info --egg-base ../../build/taller1 build --build-base /home/yesid/Robotica/build/taller1/build install --record /home/yesid/Robotica/build/taller1/install.log --single-version-externally-managed
[2.383s] DEBUG:colcon.colcon_core.event_handler.log_command:Invoked command in '/home/yesid/Robotica/src/my_taller1' returned '0': PYTHONPATH=/home/yesid/Robotica/build/my_taller1/prefix_override:/home/yesid/Robotica/install/my_taller1/lib/python3.10/site-packages:${PYTHONPATH} /usr/bin/python3 setup.py egg_info --egg-base ../../build/my_taller1 build --build-base /home/yesid/Robotica/build/my_taller1/build install --record /home/yesid/Robotica/build/my_taller1/install.log --single-version-externally-managed
[2.391s] Level 1:colcon.colcon_core.environment:checking '/home/yesid/Robotica/install/my_taller1' for CMake module files
[2.392s] Level 1:colcon.colcon_core.environment:checking '/home/yesid/Robotica/install/my_taller1' for CMake config files
[2.393s] Level 1:colcon.colcon_core.environment:checking '/home/yesid/Robotica/install/my_taller1/lib'
[2.393s] Level 1:colcon.colcon_core.environment:checking '/home/yesid/Robotica/install/my_taller1/bin'
[2.394s] Level 1:colcon.colcon_core.environment:checking '/home/yesid/Robotica/install/my_taller1/lib/pkgconfig/my_taller1.pc'
[2.394s] Level 1:colcon.colcon_core.environment:checking '/home/yesid/Robotica/install/my_taller1/lib/python3.10/site-packages'
[2.394s] Level 1:colcon.colcon_core.shell:create_environment_hook('my_taller1', 'pythonpath')
[2.397s] INFO:colcon.colcon_core.shell:Creating environment hook '/home/yesid/Robotica/install/my_taller1/share/my_taller1/hook/pythonpath.ps1'
[2.398s] INFO:colcon.colcon_core.shell:Creating environment descriptor '/home/yesid/Robotica/install/my_taller1/share/my_taller1/hook/pythonpath.dsv'
[2.399s] INFO:colcon.colcon_core.shell:Creating environment hook '/home/yesid/Robotica/install/my_taller1/share/my_taller1/hook/pythonpath.sh'
[2.399s] Level 1:colcon.colcon_core.environment:checking '/home/yesid/Robotica/install/my_taller1/bin'
[2.399s] Level 1:colcon.colcon_core.environment:create_environment_scripts_only(my_taller1)
[2.403s] INFO:colcon.colcon_core.shell:Creating package script '/home/yesid/Robotica/install/my_taller1/share/my_taller1/package.ps1'
[2.404s] INFO:colcon.colcon_core.shell:Creating package descriptor '/home/yesid/Robotica/install/my_taller1/share/my_taller1/package.dsv'
[2.407s] INFO:colcon.colcon_core.shell:Creating package script '/home/yesid/Robotica/install/my_taller1/share/my_taller1/package.sh'
[2.409s] INFO:colcon.colcon_core.shell:Creating package script '/home/yesid/Robotica/install/my_taller1/share/my_taller1/package.bash'
[2.410s] INFO:colcon.colcon_core.shell:Creating package script '/home/yesid/Robotica/install/my_taller1/share/my_taller1/package.zsh'
[2.411s] Level 1:colcon.colcon_core.environment:create_file_with_runtime_dependencies(/home/yesid/Robotica/install/my_taller1/share/colcon-core/packages/my_taller1)
[2.415s] Level 1:colcon.colcon_core.environment:checking '/home/yesid/Robotica/install/taller1' for CMake module files
[2.416s] Level 1:colcon.colcon_core.environment:checking '/home/yesid/Robotica/install/taller1' for CMake config files
[2.416s] DEBUG:colcon.colcon_core.event_handler.log_command:Invoked command in '/home/yesid/Robotica/src/taller1' returned '0': PYTHONPATH=/home/yesid/Robotica/build/taller1/prefix_override:/home/yesid/Robotica/install/taller1/lib/python3.10/site-packages:${PYTHONPATH} /usr/bin/python3 setup.py egg_info --egg-base ../../build/taller1 build --build-base /home/yesid/Robotica/build/taller1/build install --record /home/yesid/Robotica/build/taller1/install.log --single-version-externally-managed
[2.417s] Level 1:colcon.colcon_core.environment:checking '/home/yesid/Robotica/install/taller1/lib'
[2.417s] Level 1:colcon.colcon_core.environment:checking '/home/yesid/Robotica/install/taller1/bin'
[2.417s] Level 1:colcon.colcon_core.environment:checking '/home/yesid/Robotica/install/taller1/lib/pkgconfig/taller1.pc'
[2.418s] Level 1:colcon.colcon_core.environment:checking '/home/yesid/Robotica/install/taller1/lib/python3.10/site-packages'
[2.418s] Level 1:colcon.colcon_core.shell:create_environment_hook('taller1', 'pythonpath')
[2.420s] INFO:colcon.colcon_core.shell:Creating environment hook '/home/yesid/Robotica/install/taller1/share/taller1/hook/pythonpath.ps1'
[2.421s] INFO:colcon.colcon_core.shell:Creating environment descriptor '/home/yesid/Robotica/install/taller1/share/taller1/hook/pythonpath.dsv'
[2.421s] INFO:colcon.colcon_core.shell:Creating environment hook '/home/yesid/Robotica/install/taller1/share/taller1/hook/pythonpath.sh'
[2.422s] Level 1:colcon.colcon_core.environment:checking '/home/yesid/Robotica/install/taller1/bin'
[2.422s] Level 1:colcon.colcon_core.environment:create_environment_scripts_only(taller1)
[2.424s] INFO:colcon.colcon_core.shell:Creating package script '/home/yesid/Robotica/install/taller1/share/taller1/package.ps1'
[2.424s] INFO:colcon.colcon_core.shell:Creating package descriptor '/home/yesid/Robotica/install/taller1/share/taller1/package.dsv'
[2.425s] INFO:colcon.colcon_core.shell:Creating package script '/home/yesid/Robotica/install/taller1/share/taller1/package.sh'
[2.426s] INFO:colcon.colcon_core.shell:Creating package script '/home/yesid/Robotica/install/taller1/share/taller1/package.bash'
[2.426s] INFO:colcon.colcon_core.shell:Creating package script '/home/yesid/Robotica/install/taller1/share/taller1/package.zsh'
[2.426s] Level 1:colcon.colcon_core.environment:create_file_with_runtime_dependencies(/home/yesid/Robotica/install/taller1/share/colcon-core/packages/taller1)
[2.427s] DEBUG:colcon.colcon_parallel_executor.executor.parallel:closing loop
[2.427s] DEBUG:colcon.colcon_parallel_executor.executor.parallel:loop closed
[2.427s] DEBUG:colcon.colcon_parallel_executor.executor.parallel:run_until_complete finished with '0'
[2.427s] DEBUG:colcon.colcon_core.event_reactor:joining thread
[2.436s] INFO:colcon.colcon_core.plugin_system:Skipping extension 'colcon_notification.desktop_notification.terminal_notifier': Not used on non-Darwin systems
[2.436s] INFO:colcon.colcon_core.plugin_system:Skipping extension 'colcon_notification.desktop_notification.win32': Not used on non-Windows systems
[2.436s] INFO:colcon.colcon_notification.desktop_notification:Sending desktop notification using 'notify2'
[2.462s] DEBUG:colcon.colcon_core.event_reactor:joined thread
[2.464s] INFO:colcon.colcon_core.shell:Creating prefix script '/home/yesid/Robotica/install/local_setup.ps1'
[2.466s] INFO:colcon.colcon_core.shell:Creating prefix util module '/home/yesid/Robotica/install/_local_setup_util_ps1.py'
[2.469s] INFO:colcon.colcon_core.shell:Creating prefix chain script '/home/yesid/Robotica/install/setup.ps1'
[2.471s] INFO:colcon.colcon_core.shell:Creating prefix script '/home/yesid/Robotica/install/local_setup.sh'
[2.472s] INFO:colcon.colcon_core.shell:Creating prefix util module '/home/yesid/Robotica/install/_local_setup_util_sh.py'
[2.473s] INFO:colcon.colcon_core.shell:Creating prefix chain script '/home/yesid/Robotica/install/setup.sh'
[2.476s] INFO:colcon.colcon_core.shell:Creating prefix script '/home/yesid/Robotica/install/local_setup.bash'
[2.476s] INFO:colcon.colcon_core.shell:Creating prefix chain script '/home/yesid/Robotica/install/setup.bash'
[2.479s] INFO:colcon.colcon_core.shell:Creating prefix script '/home/yesid/Robotica/install/local_setup.zsh'
[2.481s] INFO:colcon.colcon_core.shell:Creating prefix chain script '/home/yesid/Robotica/install/setup.zsh'
