[0.935s] Invoking command in '/home/yesid/Robotica/src/taller1': PYTHONPATH=/home/yesid/Robotica/build/taller1/prefix_override:/home/yesid/Robotica/install/taller1/lib/python3.10/site-packages:${PYTHONPATH} /usr/bin/python3 setup.py egg_info --egg-base ../../build/taller1 build --build-base /home/yesid/Robotica/build/taller1/build install --record /home/yesid/Robotica/build/taller1/install.log --single-version-externally-managed
[1.182s] running egg_info
[1.183s] writing ../../build/taller1/taller1.egg-info/PKG-INFO
[1.184s] writing dependency_links to ../../build/taller1/taller1.egg-info/dependency_links.txt
[1.184s] writing entry points to ../../build/taller1/taller1.egg-info/entry_points.txt
[1.184s] writing requirements to ../../build/taller1/taller1.egg-info/requires.txt
[1.184s] writing top-level names to ../../build/taller1/taller1.egg-info/top_level.txt
[1.188s] reading manifest file '../../build/taller1/taller1.egg-info/SOURCES.txt'
[1.188s] writing manifest file '../../build/taller1/taller1.egg-info/SOURCES.txt'
[1.189s] running build
[1.189s] running build_py
[1.189s] running install
[1.189s] /usr/lib/python3/dist-packages/setuptools/command/install.py:34: SetuptoolsDeprecationWarning: setup.py install is deprecated. Use build and pip and other standards-based tools.
[1.189s]   warnings.warn(
[1.189s] running install_lib
[1.189s] running install_data
[1.190s] running install_egg_info
[1.192s] removing '/home/yesid/Robotica/install/taller1/lib/python3.10/site-packages/taller1-0.0.0-py3.10.egg-info' (and everything under it)
[1.193s] Copying ../../build/taller1/taller1.egg-info to /home/yesid/Robotica/install/taller1/lib/python3.10/site-packages/taller1-0.0.0-py3.10.egg-info
[1.193s] running install_scripts
[1.219s] writing list of installed files to '/home/yesid/Robotica/build/taller1/install.log'
[1.264s] Invoked command in '/home/yesid/Robotica/src/taller1' returned '0': PYTHONPATH=/home/yesid/Robotica/build/taller1/prefix_override:/home/yesid/Robotica/install/taller1/lib/python3.10/site-packages:${PYTHONPATH} /usr/bin/python3 setup.py egg_info --egg-base ../../build/taller1 build --build-base /home/yesid/Robotica/build/taller1/build install --record /home/yesid/Robotica/build/taller1/install.log --single-version-externally-managed
