[0.993s] Invoking command in '/home/yesid/Robotica/src/taller1': PYTHONPATH=/home/yesid/Robotica/build/taller1/prefix_override:/home/yesid/Robotica/install/taller1/lib/python3.10/site-packages:${PYTHONPATH} /usr/bin/python3 setup.py egg_info --egg-base ../../build/taller1 build --build-base /home/yesid/Robotica/build/taller1/build install --record /home/yesid/Robotica/build/taller1/install.log --single-version-externally-managed
[1.260s] running egg_info
[1.261s] writing ../../build/taller1/taller1.egg-info/PKG-INFO
[1.261s] writing dependency_links to ../../build/taller1/taller1.egg-info/dependency_links.txt
[1.261s] writing entry points to ../../build/taller1/taller1.egg-info/entry_points.txt
[1.261s] writing requirements to ../../build/taller1/taller1.egg-info/requires.txt
[1.261s] writing top-level names to ../../build/taller1/taller1.egg-info/top_level.txt
[1.263s] reading manifest file '../../build/taller1/taller1.egg-info/SOURCES.txt'
[1.264s] writing manifest file '../../build/taller1/taller1.egg-info/SOURCES.txt'
[1.264s] running build
[1.264s] running build_py
[1.264s] running install
[1.265s] /usr/lib/python3/dist-packages/setuptools/command/install.py:34: SetuptoolsDeprecationWarning: setup.py install is deprecated. Use build and pip and other standards-based tools.
[1.265s]   warnings.warn(
[1.265s] running install_lib
[1.266s] running install_data
[1.267s] running install_egg_info
[1.268s] removing '/home/yesid/Robotica/install/taller1/lib/python3.10/site-packages/taller1-0.0.0-py3.10.egg-info' (and everything under it)
[1.269s] Copying ../../build/taller1/taller1.egg-info to /home/yesid/Robotica/install/taller1/lib/python3.10/site-packages/taller1-0.0.0-py3.10.egg-info
[1.270s] running install_scripts
[1.297s] writing list of installed files to '/home/yesid/Robotica/build/taller1/install.log'
[1.324s] Invoked command in '/home/yesid/Robotica/src/taller1' returned '0': PYTHONPATH=/home/yesid/Robotica/build/taller1/prefix_override:/home/yesid/Robotica/install/taller1/lib/python3.10/site-packages:${PYTHONPATH} /usr/bin/python3 setup.py egg_info --egg-base ../../build/taller1 build --build-base /home/yesid/Robotica/build/taller1/build install --record /home/yesid/Robotica/build/taller1/install.log --single-version-externally-managed
