[0.912s] Invoking command in '/home/yesid/Robotica/src/my_taller1': PYTHONPATH=/home/yesid/Robotica/build/my_taller1/prefix_override:/home/yesid/Robotica/install/my_taller1/lib/python3.10/site-packages:${PYTHONPATH} /usr/bin/python3 setup.py egg_info --egg-base ../../build/my_taller1 build --build-base /home/yesid/Robotica/build/my_taller1/build install --record /home/yesid/Robotica/build/my_taller1/install.log --single-version-externally-managed
[1.135s] running egg_info
[1.135s] writing ../../build/my_taller1/my_taller1.egg-info/PKG-INFO
[1.136s] writing dependency_links to ../../build/my_taller1/my_taller1.egg-info/dependency_links.txt
[1.136s] writing entry points to ../../build/my_taller1/my_taller1.egg-info/entry_points.txt
[1.136s] writing requirements to ../../build/my_taller1/my_taller1.egg-info/requires.txt
[1.136s] writing top-level names to ../../build/my_taller1/my_taller1.egg-info/top_level.txt
[1.138s] reading manifest file '../../build/my_taller1/my_taller1.egg-info/SOURCES.txt'
[1.139s] writing manifest file '../../build/my_taller1/my_taller1.egg-info/SOURCES.txt'
[1.139s] running build
[1.139s] running build_py
[1.139s] copying my_taller1/keyboard_teleop_hold.py -> /home/yesid/Robotica/build/my_taller1/build/lib/my_taller1
[1.140s] running install
[1.140s] /usr/lib/python3/dist-packages/setuptools/command/install.py:34: SetuptoolsDeprecationWarning: setup.py install is deprecated. Use build and pip and other standards-based tools.
[1.140s]   warnings.warn(
[1.141s] running install_lib
[1.142s] copying /home/yesid/Robotica/build/my_taller1/build/lib/my_taller1/keyboard_teleop_hold.py -> /home/yesid/Robotica/install/my_taller1/lib/python3.10/site-packages/my_taller1
[1.143s] byte-compiling /home/yesid/Robotica/install/my_taller1/lib/python3.10/site-packages/my_taller1/keyboard_teleop_hold.py to keyboard_teleop_hold.cpython-310.pyc
[1.144s] running install_data
[1.145s] running install_egg_info
[1.146s] removing '/home/yesid/Robotica/install/my_taller1/lib/python3.10/site-packages/my_taller1-0.0.0-py3.10.egg-info' (and everything under it)
[1.147s] Copying ../../build/my_taller1/my_taller1.egg-info to /home/yesid/Robotica/install/my_taller1/lib/python3.10/site-packages/my_taller1-0.0.0-py3.10.egg-info
[1.148s] running install_scripts
[1.169s] Installing client_player script to /home/yesid/Robotica/install/my_taller1/lib/my_taller1
[1.169s] Installing keyboard_teleop_hold script to /home/yesid/Robotica/install/my_taller1/lib/my_taller1
[1.169s] Installing nodo1 script to /home/yesid/Robotica/install/my_taller1/lib/my_taller1
[1.169s] Installing position script to /home/yesid/Robotica/install/my_taller1/lib/my_taller1
[1.169s] Installing service_player script to /home/yesid/Robotica/install/my_taller1/lib/my_taller1
[1.170s] writing list of installed files to '/home/yesid/Robotica/build/my_taller1/install.log'
[1.194s] Invoked command in '/home/yesid/Robotica/src/my_taller1' returned '0': PYTHONPATH=/home/yesid/Robotica/build/my_taller1/prefix_override:/home/yesid/Robotica/install/my_taller1/lib/python3.10/site-packages:${PYTHONPATH} /usr/bin/python3 setup.py egg_info --egg-base ../../build/my_taller1 build --build-base /home/yesid/Robotica/build/my_taller1/build install --record /home/yesid/Robotica/build/my_taller1/install.log --single-version-externally-managed
