[0.031s] Invoking command in '/home/yesid/Robotica/build/interface_t1': CMAKE_PREFIX_PATH=/home/yesid/Robotica/install/taller1:/home/yesid/Robotica/install/my_taller1:/opt/ros/humble /usr/bin/cmake /home/yesid/Robotica/src/interface_t1 -DCMAKE_INSTALL_PREFIX=/home/yesid/Robotica/install/interface_t1
[0.338s] -- The C compiler identification is GNU 11.3.0
[0.338s] -- The CXX compiler identification is GNU 11.3.0
[0.338s] -- Detecting C compiler ABI info
[0.339s] -- Detecting C compiler ABI info - done
[0.339s] -- Check for working C compiler: /usr/bin/cc - skipped
[0.339s] -- Detecting C compile features
[0.339s] -- Detecting C compile features - done
[0.339s] -- Detecting CXX compiler ABI info
[0.339s] -- Detecting CXX compiler ABI info - done
[0.339s] -- Check for working CXX compiler: /usr/bin/c++ - skipped
[0.339s] -- Detecting CXX compile features
[0.339s] -- Detecting CXX compile features - done
[0.339s] -- Found ament_cmake: 1.3.3 (/opt/ros/humble/share/ament_cmake/cmake)
[0.469s] -- Found Python3: /usr/bin/python3.10 (found version "3.10.6") found components: Interpreter 
[0.559s] -- Found ament_lint_auto: 0.12.5 (/opt/ros/humble/share/ament_lint_auto/cmake)
[0.643s] -- Added test 'cppcheck' to perform static code analysis on C / C++ code
[0.643s] -- Configured cppcheck include dirs: 
[0.643s] -- Configured cppcheck exclude dirs and/or files: 
[0.645s] -- Added test 'flake8' to check Python code syntax and style conventions
[0.647s] -- Added test 'lint_cmake' to check CMake code style
[0.649s] -- Added test 'pep257' to check Python code against some of the docstring style conventions in PEP 257
[0.658s] -- Added test 'uncrustify' to check C / C++ code style
[0.658s] -- Configured uncrustify additional arguments: 
[0.659s] -- Added test 'xmllint' to check XML markup files
[0.660s] -- Configuring done
[0.662s] -- Generating done
[0.663s] -- Build files have been written to: /home/yesid/Robotica/build/interface_t1
[0.667s] Invoked command in '/home/yesid/Robotica/build/interface_t1' returned '0': CMAKE_PREFIX_PATH=/home/yesid/Robotica/install/taller1:/home/yesid/Robotica/install/my_taller1:/opt/ros/humble /usr/bin/cmake /home/yesid/Robotica/src/interface_t1 -DCMAKE_INSTALL_PREFIX=/home/yesid/Robotica/install/interface_t1
[0.669s] Invoking command in '/home/yesid/Robotica/build/interface_t1': CMAKE_PREFIX_PATH=/home/yesid/Robotica/install/taller1:/home/yesid/Robotica/install/my_taller1:/opt/ros/humble /usr/bin/cmake --build /home/yesid/Robotica/build/interface_t1 -- -j8 -l8
[0.695s] Invoked command in '/home/yesid/Robotica/build/interface_t1' returned '0': CMAKE_PREFIX_PATH=/home/yesid/Robotica/install/taller1:/home/yesid/Robotica/install/my_taller1:/opt/ros/humble /usr/bin/cmake --build /home/yesid/Robotica/build/interface_t1 -- -j8 -l8
[0.725s] Invoking command in '/home/yesid/Robotica/build/interface_t1': CMAKE_PREFIX_PATH=/home/yesid/Robotica/install/taller1:/home/yesid/Robotica/install/my_taller1:/opt/ros/humble /usr/bin/cmake --install /home/yesid/Robotica/build/interface_t1
[0.730s] -- Install configuration: ""
[0.730s] -- Installing: /home/yesid/Robotica/install/interface_t1/share/ament_index/resource_index/package_run_dependencies/interface_t1
[0.731s] -- Installing: /home/yesid/Robotica/install/interface_t1/share/ament_index/resource_index/parent_prefix_path/interface_t1
[0.731s] -- Installing: /home/yesid/Robotica/install/interface_t1/share/interface_t1/environment/ament_prefix_path.sh
[0.731s] -- Installing: /home/yesid/Robotica/install/interface_t1/share/interface_t1/environment/ament_prefix_path.dsv
[0.731s] -- Installing: /home/yesid/Robotica/install/interface_t1/share/interface_t1/environment/path.sh
[0.731s] -- Installing: /home/yesid/Robotica/install/interface_t1/share/interface_t1/environment/path.dsv
[0.731s] -- Installing: /home/yesid/Robotica/install/interface_t1/share/interface_t1/local_setup.bash
[0.731s] -- Installing: /home/yesid/Robotica/install/interface_t1/share/interface_t1/local_setup.sh
[0.732s] -- Installing: /home/yesid/Robotica/install/interface_t1/share/interface_t1/local_setup.zsh
[0.732s] -- Installing: /home/yesid/Robotica/install/interface_t1/share/interface_t1/local_setup.dsv
[0.732s] -- Installing: /home/yesid/Robotica/install/interface_t1/share/interface_t1/package.dsv
[0.732s] -- Installing: /home/yesid/Robotica/install/interface_t1/share/ament_index/resource_index/packages/interface_t1
[0.732s] -- Installing: /home/yesid/Robotica/install/interface_t1/share/interface_t1/cmake/interface_t1Config.cmake
[0.732s] -- Installing: /home/yesid/Robotica/install/interface_t1/share/interface_t1/cmake/interface_t1Config-version.cmake
[0.732s] -- Installing: /home/yesid/Robotica/install/interface_t1/share/interface_t1/package.xml
[0.735s] Invoked command in '/home/yesid/Robotica/build/interface_t1' returned '0': CMAKE_PREFIX_PATH=/home/yesid/Robotica/install/taller1:/home/yesid/Robotica/install/my_taller1:/opt/ros/humble /usr/bin/cmake --install /home/yesid/Robotica/build/interface_t1
