[1.198s] Invoking command in '/home/yesid/Robotica/src/my_taller1': PYTHONPATH=/home/yesid/Robotica/build/my_taller1/prefix_override:/home/yesid/Robotica/install/my_taller1/lib/python3.10/site-packages:${PYTHONPATH} /usr/bin/python3 setup.py egg_info --egg-base ../../build/my_taller1 build --build-base /home/yesid/Robotica/build/my_taller1/build install --record /home/yesid/Robotica/build/my_taller1/install.log --single-version-externally-managed
[1.503s] running egg_info
[1.504s] writing ../../build/my_taller1/my_taller1.egg-info/PKG-INFO
[1.505s] writing dependency_links to ../../build/my_taller1/my_taller1.egg-info/dependency_links.txt
[1.505s] writing entry points to ../../build/my_taller1/my_taller1.egg-info/entry_points.txt
[1.505s] writing requirements to ../../build/my_taller1/my_taller1.egg-info/requires.txt
[1.506s] writing top-level names to ../../build/my_taller1/my_taller1.egg-info/top_level.txt
[1.508s] reading manifest file '../../build/my_taller1/my_taller1.egg-info/SOURCES.txt'
[1.510s] writing manifest file '../../build/my_taller1/my_taller1.egg-info/SOURCES.txt'
[1.510s] running build
[1.510s] running build_py
[1.510s] copying my_taller1/nodo1.py -> /home/yesid/Robotica/build/my_taller1/build/lib/my_taller1
[1.511s] running install
[1.511s] /usr/lib/python3/dist-packages/setuptools/command/install.py:34: SetuptoolsDeprecationWarning: setup.py install is deprecated. Use build and pip and other standards-based tools.
[1.511s]   warnings.warn(
[1.512s] running install_lib
[1.513s] copying /home/yesid/Robotica/build/my_taller1/build/lib/my_taller1/nodo1.py -> /home/yesid/Robotica/install/my_taller1/lib/python3.10/site-packages/my_taller1
[1.513s] byte-compiling /home/yesid/Robotica/install/my_taller1/lib/python3.10/site-packages/my_taller1/nodo1.py to nodo1.cpython-310.pyc
[1.514s] running install_data
[1.515s] running install_egg_info
[1.516s] removing '/home/yesid/Robotica/install/my_taller1/lib/python3.10/site-packages/my_taller1-0.0.0-py3.10.egg-info' (and everything under it)
[1.517s] Copying ../../build/my_taller1/my_taller1.egg-info to /home/yesid/Robotica/install/my_taller1/lib/python3.10/site-packages/my_taller1-0.0.0-py3.10.egg-info
[1.517s] running install_scripts
[1.548s] Installing keyboard_teleop_hold script to /home/yesid/Robotica/install/my_taller1/lib/my_taller1
[1.549s] Installing nodo1 script to /home/yesid/Robotica/install/my_taller1/lib/my_taller1
[1.549s] writing list of installed files to '/home/yesid/Robotica/build/my_taller1/install.log'
[1.592s] Invoked command in '/home/yesid/Robotica/src/my_taller1' returned '0': PYTHONPATH=/home/yesid/Robotica/build/my_taller1/prefix_override:/home/yesid/Robotica/install/my_taller1/lib/python3.10/site-packages:${PYTHONPATH} /usr/bin/python3 setup.py egg_info --egg-base ../../build/my_taller1 build --build-base /home/yesid/Robotica/build/my_taller1/build install --record /home/yesid/Robotica/build/my_taller1/install.log --single-version-externally-managed
