[1.043s] Invoking command in '/home/yesid/Robotica/src/my_taller1': PYTHONPATH=/home/yesid/Robotica/build/my_taller1/prefix_override:/home/yesid/Robotica/install/my_taller1/lib/python3.10/site-packages:${PYTHONPATH} /usr/bin/python3 setup.py egg_info --egg-base ../../build/my_taller1 build --build-base /home/yesid/Robotica/build/my_taller1/build install --record /home/yesid/Robotica/build/my_taller1/install.log --single-version-externally-managed
[1.306s] running egg_info
[1.307s] writing ../../build/my_taller1/my_taller1.egg-info/PKG-INFO
[1.307s] writing dependency_links to ../../build/my_taller1/my_taller1.egg-info/dependency_links.txt
[1.307s] writing entry points to ../../build/my_taller1/my_taller1.egg-info/entry_points.txt
[1.307s] writing requirements to ../../build/my_taller1/my_taller1.egg-info/requires.txt
[1.307s] writing top-level names to ../../build/my_taller1/my_taller1.egg-info/top_level.txt
[1.309s] reading manifest file '../../build/my_taller1/my_taller1.egg-info/SOURCES.txt'
[1.310s] writing manifest file '../../build/my_taller1/my_taller1.egg-info/SOURCES.txt'
[1.311s] running build
[1.311s] running build_py
[1.311s] copying my_taller1/nodo1.py -> /home/yesid/Robotica/build/my_taller1/build/lib/my_taller1
[1.312s] running install
[1.312s] /usr/lib/python3/dist-packages/setuptools/command/install.py:34: SetuptoolsDeprecationWarning: setup.py install is deprecated. Use build and pip and other standards-based tools.
[1.312s]   warnings.warn(
[1.312s] running install_lib
[1.314s] copying /home/yesid/Robotica/build/my_taller1/build/lib/my_taller1/nodo1.py -> /home/yesid/Robotica/install/my_taller1/lib/python3.10/site-packages/my_taller1
[1.315s] byte-compiling /home/yesid/Robotica/install/my_taller1/lib/python3.10/site-packages/my_taller1/nodo1.py to nodo1.cpython-310.pyc
[1.316s] running install_data
[1.317s] running install_egg_info
[1.319s] removing '/home/yesid/Robotica/install/my_taller1/lib/python3.10/site-packages/my_taller1-0.0.0-py3.10.egg-info' (and everything under it)
[1.321s] Copying ../../build/my_taller1/my_taller1.egg-info to /home/yesid/Robotica/install/my_taller1/lib/python3.10/site-packages/my_taller1-0.0.0-py3.10.egg-info
[1.321s] running install_scripts
[1.346s] Installing keyboard_teleop_hold script to /home/yesid/Robotica/install/my_taller1/lib/my_taller1
[1.346s] Installing nodo1 script to /home/yesid/Robotica/install/my_taller1/lib/my_taller1
[1.346s] Installing position script to /home/yesid/Robotica/install/my_taller1/lib/my_taller1
[1.347s] writing list of installed files to '/home/yesid/Robotica/build/my_taller1/install.log'
[1.373s] Invoked command in '/home/yesid/Robotica/src/my_taller1' returned '0': PYTHONPATH=/home/yesid/Robotica/build/my_taller1/prefix_override:/home/yesid/Robotica/install/my_taller1/lib/python3.10/site-packages:${PYTHONPATH} /usr/bin/python3 setup.py egg_info --egg-base ../../build/my_taller1 build --build-base /home/yesid/Robotica/build/my_taller1/build install --record /home/yesid/Robotica/build/my_taller1/install.log --single-version-externally-managed
