[0.037s] Invoking command in '/home/yesid/Robotica/build/interface_t1': CMAKE_PREFIX_PATH=/home/yesid/Robotica/install/taller1:/home/yesid/Robotica/install/my_taller1:/opt/ros/humble /usr/bin/cmake --build /home/yesid/Robotica/build/interface_t1 -- -j8 -l8
[0.301s] -- Found ament_cmake: 1.3.3 (/opt/ros/humble/share/ament_cmake/cmake)
[0.301s] -- Found geometry_msgs: 4.2.3 (/opt/ros/humble/share/geometry_msgs/cmake)
[0.301s] -- Found rosidl_generator_c: 3.1.4 (/opt/ros/humble/share/rosidl_generator_c/cmake)
[0.301s] -- Found rosidl_adapter: 3.1.4 (/opt/ros/humble/share/rosidl_adapter/cmake)
[0.302s] -- Found rosidl_generator_cpp: 3.1.4 (/opt/ros/humble/share/rosidl_generator_cpp/cmake)
[0.302s] -- Using all available rosidl_typesupport_c: rosidl_typesupport_fastrtps_c;rosidl_typesupport_introspection_c
[0.302s] -- Using all available rosidl_typesupport_cpp: rosidl_typesupport_fastrtps_cpp;rosidl_typesupport_introspection_cpp
[0.376s] -- Found rosidl_default_generators: 1.2.0 (/opt/ros/humble/share/rosidl_default_generators/cmake)
[0.685s] -- Found ament_cmake_ros: 0.10.0 (/opt/ros/humble/share/ament_cmake_ros/cmake)
[1.101s] -- Using all available rosidl_typesupport_c: rosidl_typesupport_fastrtps_c;rosidl_typesupport_introspection_c
[1.289s] -- Using all available rosidl_typesupport_cpp: rosidl_typesupport_fastrtps_cpp;rosidl_typesupport_introspection_cpp
[1.312s] -- Found PythonInterp: /usr/bin/python3 (found suitable version "3.10.6", minimum required is "3.6") 
[1.319s] -- Found python_cmake_module: 0.10.0 (/opt/ros/humble/share/python_cmake_module/cmake)
[1.346s] -- Found PythonLibs: /usr/lib/x86_64-linux-gnu/libpython3.10.so (found suitable version "3.10.6", minimum required is "3.5") 
[1.346s] -- Using PYTHON_EXECUTABLE: /usr/bin/python3
[1.346s] -- Using PYTHON_INCLUDE_DIRS: /usr/include/python3.10
[1.346s] -- Using PYTHON_LIBRARIES: /usr/lib/x86_64-linux-gnu/libpython3.10.so
[1.369s] -- Found PythonExtra: .so  
[1.437s] -- Found ament_lint_auto: 0.12.5 (/opt/ros/humble/share/ament_lint_auto/cmake)
[1.462s] -- Added test 'cppcheck' to perform static code analysis on C / C++ code
[1.463s] -- Configured cppcheck include dirs: 
[1.463s] -- Configured cppcheck exclude dirs and/or files: 
[1.464s] -- Added test 'flake8' to check Python code syntax and style conventions
[1.468s] -- Added test 'lint_cmake' to check CMake code style
[1.472s] -- Added test 'pep257' to check Python code against some of the docstring style conventions in PEP 257
[1.482s] -- Added test 'uncrustify' to check C / C++ code style
[1.483s] -- Configured uncrustify additional arguments: 
[1.485s] -- Added test 'xmllint' to check XML markup files
[1.488s] -- Configuring done
[1.530s] -- Generating done
[1.533s] -- Build files have been written to: /home/yesid/Robotica/build/interface_t1
[1.553s] [  3%] [34m[1mGenerating C code for ROS interfaces[0m
[1.560s] [  6%] [34m[1mGenerating C++ code for ROS interfaces[0m
[1.564s] [  6%] Built target ament_cmake_python_copy_interface_t1
[1.834s] running egg_info
[1.834s] creating interface_t1.egg-info
[1.835s] writing interface_t1.egg-info/PKG-INFO
[1.835s] writing dependency_links to interface_t1.egg-info/dependency_links.txt
[1.835s] writing top-level names to interface_t1.egg-info/top_level.txt
[1.835s] writing manifest file 'interface_t1.egg-info/SOURCES.txt'
[1.839s] reading manifest file 'interface_t1.egg-info/SOURCES.txt'
[1.839s] writing manifest file 'interface_t1.egg-info/SOURCES.txt'
[1.857s] [  9%] [32mBuilding C object CMakeFiles/interface_t1__rosidl_generator_c.dir/rosidl_generator_c/interface_t1/srv/detail/mi_servicio__functions.c.o[0m
[1.869s] [  9%] Built target interface_t1__cpp
[1.872s] [  9%] Built target ament_cmake_python_build_interface_t1_egg
[1.878s] [ 12%] [34m[1mGenerating C++ introspection for ROS interfaces[0m
[1.878s] [ 19%] [34m[1mGenerating C++ type support for eProsima Fast-RTPS[0m
[1.878s] [ 19%] [34m[1mGenerating C++ type support dispatch for ROS interfaces[0m
[1.941s] [ 22%] [32m[1mLinking C shared library libinterface_t1__rosidl_generator_c.so[0m
[1.969s] [ 22%] Built target interface_t1__rosidl_generator_c
[1.977s] [ 25%] [34m[1mGenerating C type support for eProsima Fast-RTPS[0m
[1.980s] [ 29%] [34m[1mGenerating C introspection for ROS interfaces[0m
[1.980s] [ 32%] [34m[1mGenerating C type support dispatch for ROS interfaces[0m
[2.240s] [ 35%] [32mBuilding CXX object CMakeFiles/interface_t1__rosidl_typesupport_introspection_cpp.dir/rosidl_typesupport_introspection_cpp/interface_t1/srv/detail/mi_servicio__type_support.cpp.o[0m
[2.248s] [ 38%] [32mBuilding CXX object CMakeFiles/interface_t1__rosidl_typesupport_cpp.dir/rosidl_typesupport_cpp/interface_t1/srv/mi_servicio__type_support.cpp.o[0m
[2.249s] [ 41%] [32mBuilding CXX object CMakeFiles/interface_t1__rosidl_typesupport_fastrtps_cpp.dir/rosidl_typesupport_fastrtps_cpp/interface_t1/srv/detail/dds_fastrtps/mi_servicio__type_support.cpp.o[0m
[2.341s] [ 45%] [32mBuilding CXX object CMakeFiles/interface_t1__rosidl_typesupport_c.dir/rosidl_typesupport_c/interface_t1/srv/mi_servicio__type_support.cpp.o[0m
[2.346s] [ 48%] [32mBuilding C object CMakeFiles/interface_t1__rosidl_typesupport_introspection_c.dir/rosidl_typesupport_introspection_c/interface_t1/srv/detail/mi_servicio__type_support.c.o[0m
[2.378s] [ 51%] [32m[1mLinking CXX shared library libinterface_t1__rosidl_typesupport_c.so[0m
[2.386s] [ 54%] [32m[1mLinking C shared library libinterface_t1__rosidl_typesupport_introspection_c.so[0m
[2.399s] [ 58%] [32mBuilding CXX object CMakeFiles/interface_t1__rosidl_typesupport_fastrtps_c.dir/rosidl_typesupport_fastrtps_c/interface_t1/srv/detail/mi_servicio__type_support_c.cpp.o[0m
[2.414s] [ 58%] Built target interface_t1__rosidl_typesupport_introspection_c
[2.421s] [ 58%] Built target interface_t1__rosidl_typesupport_c
[2.573s] [ 61%] [32m[1mLinking CXX shared library libinterface_t1__rosidl_typesupport_cpp.so[0m
[2.629s] [ 61%] Built target interface_t1__rosidl_typesupport_cpp
[2.703s] [ 64%] [32m[1mLinking CXX shared library libinterface_t1__rosidl_typesupport_introspection_cpp.so[0m
[2.710s] [ 67%] [32m[1mLinking CXX shared library libinterface_t1__rosidl_typesupport_fastrtps_cpp.so[0m
[2.767s] [ 70%] [32m[1mLinking CXX shared library libinterface_t1__rosidl_typesupport_fastrtps_c.so[0m
[2.783s] [ 70%] Built target interface_t1__rosidl_typesupport_introspection_cpp
[2.798s] [ 70%] Built target interface_t1__rosidl_typesupport_fastrtps_cpp
[2.838s] [ 70%] Built target interface_t1__rosidl_typesupport_fastrtps_c
[2.852s] [ 70%] Built target interface_t1
[2.866s] [ 74%] [34m[1mGenerating Python code for ROS interfaces[0m
[3.192s] [ 74%] Built target interface_t1__py
[3.205s] [ 77%] [32mBuilding C object CMakeFiles/interface_t1__rosidl_generator_py.dir/rosidl_generator_py/interface_t1/srv/_mi_servicio_s.c.o[0m
[3.344s] [ 80%] [32m[1mLinking C shared library rosidl_generator_py/interface_t1/libinterface_t1__rosidl_generator_py.so[0m
[3.374s] [ 80%] Built target interface_t1__rosidl_generator_py
[3.388s] [ 90%] [32mBuilding C object CMakeFiles/interface_t1__rosidl_typesupport_introspection_c__pyext.dir/rosidl_generator_py/interface_t1/_interface_t1_s.ep.rosidl_typesupport_introspection_c.c.o[0m
[3.388s] [ 90%] [32mBuilding C object CMakeFiles/interface_t1__rosidl_typesupport_c__pyext.dir/rosidl_generator_py/interface_t1/_interface_t1_s.ep.rosidl_typesupport_c.c.o[0m
[3.388s] [ 90%] [32mBuilding C object CMakeFiles/interface_t1__rosidl_typesupport_fastrtps_c__pyext.dir/rosidl_generator_py/interface_t1/_interface_t1_s.ep.rosidl_typesupport_fastrtps_c.c.o[0m
[3.477s] [ 93%] [32m[1mLinking C shared library rosidl_generator_py/interface_t1/interface_t1_s__rosidl_typesupport_c.cpython-310-x86_64-linux-gnu.so[0m
[3.507s] [ 96%] [32m[1mLinking C shared library rosidl_generator_py/interface_t1/interface_t1_s__rosidl_typesupport_fastrtps_c.cpython-310-x86_64-linux-gnu.so[0m
[3.507s] [100%] [32m[1mLinking C shared library rosidl_generator_py/interface_t1/interface_t1_s__rosidl_typesupport_introspection_c.cpython-310-x86_64-linux-gnu.so[0m
[3.510s] [100%] Built target interface_t1__rosidl_typesupport_c__pyext
[3.547s] [100%] Built target interface_t1__rosidl_typesupport_introspection_c__pyext
[3.547s] [100%] Built target interface_t1__rosidl_typesupport_fastrtps_c__pyext
[3.557s] Invoked command in '/home/yesid/Robotica/build/interface_t1' returned '0': CMAKE_PREFIX_PATH=/home/yesid/Robotica/install/taller1:/home/yesid/Robotica/install/my_taller1:/opt/ros/humble /usr/bin/cmake --build /home/yesid/Robotica/build/interface_t1 -- -j8 -l8
[3.598s] Invoking command in '/home/yesid/Robotica/build/interface_t1': CMAKE_PREFIX_PATH=/home/yesid/Robotica/install/taller1:/home/yesid/Robotica/install/my_taller1:/opt/ros/humble /usr/bin/cmake --install /home/yesid/Robotica/build/interface_t1
[3.604s] -- Install configuration: ""
[3.604s] -- Installing: /home/yesid/Robotica/install/interface_t1/share/ament_index/resource_index/rosidl_interfaces/interface_t1
[3.604s] -- Installing: /home/yesid/Robotica/install/interface_t1/include/interface_t1/interface_t1
[3.604s] -- Installing: /home/yesid/Robotica/install/interface_t1/include/interface_t1/interface_t1/srv
[3.604s] -- Installing: /home/yesid/Robotica/install/interface_t1/include/interface_t1/interface_t1/srv/detail
[3.604s] -- Installing: /home/yesid/Robotica/install/interface_t1/include/interface_t1/interface_t1/srv/detail/mi_servicio__functions.h
[3.605s] -- Installing: /home/yesid/Robotica/install/interface_t1/include/interface_t1/interface_t1/srv/detail/mi_servicio__type_support.h
[3.605s] -- Installing: /home/yesid/Robotica/install/interface_t1/include/interface_t1/interface_t1/srv/detail/mi_servicio__struct.h
[3.605s] -- Installing: /home/yesid/Robotica/install/interface_t1/include/interface_t1/interface_t1/srv/detail/mi_servicio__functions.c
[3.605s] -- Installing: /home/yesid/Robotica/install/interface_t1/include/interface_t1/interface_t1/srv/mi_servicio.h
[3.605s] -- Installing: /home/yesid/Robotica/install/interface_t1/include/interface_t1/interface_t1/msg
[3.605s] -- Installing: /home/yesid/Robotica/install/interface_t1/include/interface_t1/interface_t1/msg/rosidl_generator_c__visibility_control.h
[3.605s] -- Installing: /home/yesid/Robotica/install/interface_t1/share/interface_t1/environment/library_path.sh
[3.605s] -- Installing: /home/yesid/Robotica/install/interface_t1/share/interface_t1/environment/library_path.dsv
[3.605s] -- Installing: /home/yesid/Robotica/install/interface_t1/lib/libinterface_t1__rosidl_generator_c.so
[3.606s] -- Set runtime path of "/home/yesid/Robotica/install/interface_t1/lib/libinterface_t1__rosidl_generator_c.so" to ""
[3.606s] -- Up-to-date: /home/yesid/Robotica/install/interface_t1/include/interface_t1/interface_t1
[3.606s] -- Up-to-date: /home/yesid/Robotica/install/interface_t1/include/interface_t1/interface_t1/srv
[3.606s] -- Up-to-date: /home/yesid/Robotica/install/interface_t1/include/interface_t1/interface_t1/srv/detail
[3.606s] -- Installing: /home/yesid/Robotica/install/interface_t1/include/interface_t1/interface_t1/srv/detail/mi_servicio__rosidl_typesupport_fastrtps_c.h
[3.606s] -- Up-to-date: /home/yesid/Robotica/install/interface_t1/include/interface_t1/interface_t1/msg
[3.606s] -- Installing: /home/yesid/Robotica/install/interface_t1/include/interface_t1/interface_t1/msg/rosidl_typesupport_fastrtps_c__visibility_control.h
[3.606s] -- Installing: /home/yesid/Robotica/install/interface_t1/lib/libinterface_t1__rosidl_typesupport_fastrtps_c.so
[3.606s] -- Set runtime path of "/home/yesid/Robotica/install/interface_t1/lib/libinterface_t1__rosidl_typesupport_fastrtps_c.so" to ""
[3.606s] -- Up-to-date: /home/yesid/Robotica/install/interface_t1/include/interface_t1/interface_t1
[3.607s] -- Up-to-date: /home/yesid/Robotica/install/interface_t1/include/interface_t1/interface_t1/srv
[3.607s] -- Up-to-date: /home/yesid/Robotica/install/interface_t1/include/interface_t1/interface_t1/srv/detail
[3.607s] -- Installing: /home/yesid/Robotica/install/interface_t1/include/interface_t1/interface_t1/srv/detail/mi_servicio__struct.hpp
[3.607s] -- Installing: /home/yesid/Robotica/install/interface_t1/include/interface_t1/interface_t1/srv/detail/mi_servicio__traits.hpp
[3.607s] -- Installing: /home/yesid/Robotica/install/interface_t1/include/interface_t1/interface_t1/srv/detail/mi_servicio__builder.hpp
[3.607s] -- Installing: /home/yesid/Robotica/install/interface_t1/include/interface_t1/interface_t1/srv/mi_servicio.hpp
[3.607s] -- Up-to-date: /home/yesid/Robotica/install/interface_t1/include/interface_t1/interface_t1
[3.607s] -- Up-to-date: /home/yesid/Robotica/install/interface_t1/include/interface_t1/interface_t1/srv
[3.607s] -- Up-to-date: /home/yesid/Robotica/install/interface_t1/include/interface_t1/interface_t1/srv/detail
[3.607s] -- Installing: /home/yesid/Robotica/install/interface_t1/include/interface_t1/interface_t1/srv/detail/dds_fastrtps
[3.608s] -- Installing: /home/yesid/Robotica/install/interface_t1/include/interface_t1/interface_t1/srv/detail/mi_servicio__rosidl_typesupport_fastrtps_cpp.hpp
[3.608s] -- Up-to-date: /home/yesid/Robotica/install/interface_t1/include/interface_t1/interface_t1/msg
[3.608s] -- Installing: /home/yesid/Robotica/install/interface_t1/include/interface_t1/interface_t1/msg/rosidl_typesupport_fastrtps_cpp__visibility_control.h
[3.608s] -- Installing: /home/yesid/Robotica/install/interface_t1/lib/libinterface_t1__rosidl_typesupport_fastrtps_cpp.so
[3.608s] -- Set runtime path of "/home/yesid/Robotica/install/interface_t1/lib/libinterface_t1__rosidl_typesupport_fastrtps_cpp.so" to ""
[3.608s] -- Up-to-date: /home/yesid/Robotica/install/interface_t1/include/interface_t1/interface_t1
[3.608s] -- Up-to-date: /home/yesid/Robotica/install/interface_t1/include/interface_t1/interface_t1/srv
[3.608s] -- Up-to-date: /home/yesid/Robotica/install/interface_t1/include/interface_t1/interface_t1/srv/detail
[3.608s] -- Installing: /home/yesid/Robotica/install/interface_t1/include/interface_t1/interface_t1/srv/detail/mi_servicio__type_support.c
[3.608s] -- Installing: /home/yesid/Robotica/install/interface_t1/include/interface_t1/interface_t1/srv/detail/mi_servicio__rosidl_typesupport_introspection_c.h
[3.609s] -- Up-to-date: /home/yesid/Robotica/install/interface_t1/include/interface_t1/interface_t1/msg
[3.609s] -- Installing: /home/yesid/Robotica/install/interface_t1/include/interface_t1/interface_t1/msg/rosidl_typesupport_introspection_c__visibility_control.h
[3.609s] -- Installing: /home/yesid/Robotica/install/interface_t1/lib/libinterface_t1__rosidl_typesupport_introspection_c.so
[3.609s] -- Set runtime path of "/home/yesid/Robotica/install/interface_t1/lib/libinterface_t1__rosidl_typesupport_introspection_c.so" to ""
[3.609s] -- Installing: /home/yesid/Robotica/install/interface_t1/lib/libinterface_t1__rosidl_typesupport_c.so
[3.609s] -- Set runtime path of "/home/yesid/Robotica/install/interface_t1/lib/libinterface_t1__rosidl_typesupport_c.so" to ""
[3.609s] -- Up-to-date: /home/yesid/Robotica/install/interface_t1/include/interface_t1/interface_t1
[3.609s] -- Up-to-date: /home/yesid/Robotica/install/interface_t1/include/interface_t1/interface_t1/srv
[3.609s] -- Up-to-date: /home/yesid/Robotica/install/interface_t1/include/interface_t1/interface_t1/srv/detail
[3.609s] -- Installing: /home/yesid/Robotica/install/interface_t1/include/interface_t1/interface_t1/srv/detail/mi_servicio__rosidl_typesupport_introspection_cpp.hpp
[3.609s] -- Installing: /home/yesid/Robotica/install/interface_t1/include/interface_t1/interface_t1/srv/detail/mi_servicio__type_support.cpp
[3.610s] -- Installing: /home/yesid/Robotica/install/interface_t1/lib/libinterface_t1__rosidl_typesupport_introspection_cpp.so
[3.610s] -- Set runtime path of "/home/yesid/Robotica/install/interface_t1/lib/libinterface_t1__rosidl_typesupport_introspection_cpp.so" to ""
[3.610s] -- Installing: /home/yesid/Robotica/install/interface_t1/lib/libinterface_t1__rosidl_typesupport_cpp.so
[3.612s] -- Set runtime path of "/home/yesid/Robotica/install/interface_t1/lib/libinterface_t1__rosidl_typesupport_cpp.so" to ""
[3.612s] -- Installing: /home/yesid/Robotica/install/interface_t1/share/interface_t1/environment/pythonpath.sh
[3.612s] -- Installing: /home/yesid/Robotica/install/interface_t1/share/interface_t1/environment/pythonpath.dsv
[3.612s] -- Installing: /home/yesid/Robotica/install/interface_t1/local/lib/python3.10/dist-packages/interface_t1-0.0.0-py3.10.egg-info
[3.612s] -- Installing: /home/yesid/Robotica/install/interface_t1/local/lib/python3.10/dist-packages/interface_t1-0.0.0-py3.10.egg-info/SOURCES.txt
[3.612s] -- Installing: /home/yesid/Robotica/install/interface_t1/local/lib/python3.10/dist-packages/interface_t1-0.0.0-py3.10.egg-info/dependency_links.txt
[3.612s] -- Installing: /home/yesid/Robotica/install/interface_t1/local/lib/python3.10/dist-packages/interface_t1-0.0.0-py3.10.egg-info/top_level.txt
[3.612s] -- Installing: /home/yesid/Robotica/install/interface_t1/local/lib/python3.10/dist-packages/interface_t1-0.0.0-py3.10.egg-info/PKG-INFO
[3.613s] -- Installing: /home/yesid/Robotica/install/interface_t1/local/lib/python3.10/dist-packages/interface_t1
[3.613s] -- Installing: /home/yesid/Robotica/install/interface_t1/local/lib/python3.10/dist-packages/interface_t1/interface_t1_s__rosidl_typesupport_c.cpython-310-x86_64-linux-gnu.so
[3.613s] -- Installing: /home/yesid/Robotica/install/interface_t1/local/lib/python3.10/dist-packages/interface_t1/__init__.py
[3.613s] -- Installing: /home/yesid/Robotica/install/interface_t1/local/lib/python3.10/dist-packages/interface_t1/srv
[3.613s] -- Installing: /home/yesid/Robotica/install/interface_t1/local/lib/python3.10/dist-packages/interface_t1/srv/__init__.py
[3.613s] -- Installing: /home/yesid/Robotica/install/interface_t1/local/lib/python3.10/dist-packages/interface_t1/srv/_mi_servicio.py
[3.613s] -- Installing: /home/yesid/Robotica/install/interface_t1/local/lib/python3.10/dist-packages/interface_t1/srv/_mi_servicio_s.c
[3.613s] -- Installing: /home/yesid/Robotica/install/interface_t1/local/lib/python3.10/dist-packages/interface_t1/interface_t1_s__rosidl_typesupport_fastrtps_c.cpython-310-x86_64-linux-gnu.so
[3.613s] -- Installing: /home/yesid/Robotica/install/interface_t1/local/lib/python3.10/dist-packages/interface_t1/_interface_t1_s.ep.rosidl_typesupport_fastrtps_c.c
[3.613s] -- Installing: /home/yesid/Robotica/install/interface_t1/local/lib/python3.10/dist-packages/interface_t1/_interface_t1_s.ep.rosidl_typesupport_c.c
[3.613s] -- Installing: /home/yesid/Robotica/install/interface_t1/local/lib/python3.10/dist-packages/interface_t1/_interface_t1_s.ep.rosidl_typesupport_introspection_c.c
[3.614s] -- Installing: /home/yesid/Robotica/install/interface_t1/local/lib/python3.10/dist-packages/interface_t1/interface_t1_s__rosidl_typesupport_introspection_c.cpython-310-x86_64-linux-gnu.so
[3.614s] -- Installing: /home/yesid/Robotica/install/interface_t1/local/lib/python3.10/dist-packages/interface_t1/libinterface_t1__rosidl_generator_py.so
[3.646s] Listing '/home/yesid/Robotica/install/interface_t1/local/lib/python3.10/dist-packages/interface_t1'...
[3.646s] Compiling '/home/yesid/Robotica/install/interface_t1/local/lib/python3.10/dist-packages/interface_t1/__init__.py'...
[3.647s] Listing '/home/yesid/Robotica/install/interface_t1/local/lib/python3.10/dist-packages/interface_t1/srv'...
[3.647s] Compiling '/home/yesid/Robotica/install/interface_t1/local/lib/python3.10/dist-packages/interface_t1/srv/__init__.py'...
[3.647s] Compiling '/home/yesid/Robotica/install/interface_t1/local/lib/python3.10/dist-packages/interface_t1/srv/_mi_servicio.py'...
[3.651s] -- Installing: /home/yesid/Robotica/install/interface_t1/local/lib/python3.10/dist-packages/interface_t1/interface_t1_s__rosidl_typesupport_fastrtps_c.cpython-310-x86_64-linux-gnu.so
[3.651s] -- Set runtime path of "/home/yesid/Robotica/install/interface_t1/local/lib/python3.10/dist-packages/interface_t1/interface_t1_s__rosidl_typesupport_fastrtps_c.cpython-310-x86_64-linux-gnu.so" to ""
[3.651s] -- Installing: /home/yesid/Robotica/install/interface_t1/local/lib/python3.10/dist-packages/interface_t1/interface_t1_s__rosidl_typesupport_introspection_c.cpython-310-x86_64-linux-gnu.so
[3.651s] -- Set runtime path of "/home/yesid/Robotica/install/interface_t1/local/lib/python3.10/dist-packages/interface_t1/interface_t1_s__rosidl_typesupport_introspection_c.cpython-310-x86_64-linux-gnu.so" to ""
[3.652s] -- Installing: /home/yesid/Robotica/install/interface_t1/local/lib/python3.10/dist-packages/interface_t1/interface_t1_s__rosidl_typesupport_c.cpython-310-x86_64-linux-gnu.so
[3.652s] -- Set runtime path of "/home/yesid/Robotica/install/interface_t1/local/lib/python3.10/dist-packages/interface_t1/interface_t1_s__rosidl_typesupport_c.cpython-310-x86_64-linux-gnu.so" to ""
[3.652s] -- Installing: /home/yesid/Robotica/install/interface_t1/lib/libinterface_t1__rosidl_generator_py.so
[3.652s] -- Set runtime path of "/home/yesid/Robotica/install/interface_t1/lib/libinterface_t1__rosidl_generator_py.so" to ""
[3.652s] -- Installing: /home/yesid/Robotica/install/interface_t1/share/interface_t1/srv/MiServicio.idl
[3.652s] -- Installing: /home/yesid/Robotica/install/interface_t1/share/interface_t1/srv/MiServicio.srv
[3.653s] -- Installing: /home/yesid/Robotica/install/interface_t1/share/interface_t1/srv/MiServicio_Request.msg
[3.653s] -- Installing: /home/yesid/Robotica/install/interface_t1/share/interface_t1/srv/MiServicio_Response.msg
[3.653s] -- Installing: /home/yesid/Robotica/install/interface_t1/share/ament_index/resource_index/package_run_dependencies/interface_t1
[3.653s] -- Up-to-date: /home/yesid/Robotica/install/interface_t1/share/ament_index/resource_index/parent_prefix_path/interface_t1
[3.653s] -- Up-to-date: /home/yesid/Robotica/install/interface_t1/share/interface_t1/environment/ament_prefix_path.sh
[3.653s] -- Installing: /home/yesid/Robotica/install/interface_t1/share/interface_t1/environment/ament_prefix_path.dsv
[3.653s] -- Up-to-date: /home/yesid/Robotica/install/interface_t1/share/interface_t1/environment/path.sh
[3.654s] -- Installing: /home/yesid/Robotica/install/interface_t1/share/interface_t1/environment/path.dsv
[3.654s] -- Up-to-date: /home/yesid/Robotica/install/interface_t1/share/interface_t1/local_setup.bash
[3.654s] -- Installing: /home/yesid/Robotica/install/interface_t1/share/interface_t1/local_setup.sh
[3.654s] -- Up-to-date: /home/yesid/Robotica/install/interface_t1/share/interface_t1/local_setup.zsh
[3.654s] -- Installing: /home/yesid/Robotica/install/interface_t1/share/interface_t1/local_setup.dsv
[3.654s] -- Installing: /home/yesid/Robotica/install/interface_t1/share/interface_t1/package.dsv
[3.654s] -- Up-to-date: /home/yesid/Robotica/install/interface_t1/share/ament_index/resource_index/packages/interface_t1
[3.654s] -- Installing: /home/yesid/Robotica/install/interface_t1/share/interface_t1/cmake/export_interface_t1__rosidl_generator_cExport.cmake
[3.655s] -- Installing: /home/yesid/Robotica/install/interface_t1/share/interface_t1/cmake/export_interface_t1__rosidl_generator_cExport-noconfig.cmake
[3.655s] -- Installing: /home/yesid/Robotica/install/interface_t1/share/interface_t1/cmake/export_interface_t1__rosidl_typesupport_fastrtps_cExport.cmake
[3.655s] -- Installing: /home/yesid/Robotica/install/interface_t1/share/interface_t1/cmake/export_interface_t1__rosidl_typesupport_fastrtps_cExport-noconfig.cmake
[3.655s] -- Installing: /home/yesid/Robotica/install/interface_t1/share/interface_t1/cmake/export_interface_t1__rosidl_generator_cppExport.cmake
[3.655s] -- Installing: /home/yesid/Robotica/install/interface_t1/share/interface_t1/cmake/export_interface_t1__rosidl_typesupport_fastrtps_cppExport.cmake
[3.655s] -- Installing: /home/yesid/Robotica/install/interface_t1/share/interface_t1/cmake/export_interface_t1__rosidl_typesupport_fastrtps_cppExport-noconfig.cmake
[3.656s] -- Installing: /home/yesid/Robotica/install/interface_t1/share/interface_t1/cmake/interface_t1__rosidl_typesupport_introspection_cExport.cmake
[3.656s] -- Installing: /home/yesid/Robotica/install/interface_t1/share/interface_t1/cmake/interface_t1__rosidl_typesupport_introspection_cExport-noconfig.cmake
[3.656s] -- Installing: /home/yesid/Robotica/install/interface_t1/share/interface_t1/cmake/interface_t1__rosidl_typesupport_cExport.cmake
[3.656s] -- Installing: /home/yesid/Robotica/install/interface_t1/share/interface_t1/cmake/interface_t1__rosidl_typesupport_cExport-noconfig.cmake
[3.656s] -- Installing: /home/yesid/Robotica/install/interface_t1/share/interface_t1/cmake/interface_t1__rosidl_typesupport_introspection_cppExport.cmake
[3.656s] -- Installing: /home/yesid/Robotica/install/interface_t1/share/interface_t1/cmake/interface_t1__rosidl_typesupport_introspection_cppExport-noconfig.cmake
[3.657s] -- Installing: /home/yesid/Robotica/install/interface_t1/share/interface_t1/cmake/interface_t1__rosidl_typesupport_cppExport.cmake
[3.657s] -- Installing: /home/yesid/Robotica/install/interface_t1/share/interface_t1/cmake/interface_t1__rosidl_typesupport_cppExport-noconfig.cmake
[3.657s] -- Installing: /home/yesid/Robotica/install/interface_t1/share/interface_t1/cmake/export_interface_t1__rosidl_generator_pyExport.cmake
[3.657s] -- Installing: /home/yesid/Robotica/install/interface_t1/share/interface_t1/cmake/export_interface_t1__rosidl_generator_pyExport-noconfig.cmake
[3.657s] -- Installing: /home/yesid/Robotica/install/interface_t1/share/interface_t1/cmake/rosidl_cmake-extras.cmake
[3.657s] -- Installing: /home/yesid/Robotica/install/interface_t1/share/interface_t1/cmake/ament_cmake_export_dependencies-extras.cmake
[3.657s] -- Installing: /home/yesid/Robotica/install/interface_t1/share/interface_t1/cmake/ament_cmake_export_include_directories-extras.cmake
[3.658s] -- Installing: /home/yesid/Robotica/install/interface_t1/share/interface_t1/cmake/ament_cmake_export_libraries-extras.cmake
[3.658s] -- Installing: /home/yesid/Robotica/install/interface_t1/share/interface_t1/cmake/ament_cmake_export_targets-extras.cmake
[3.658s] -- Installing: /home/yesid/Robotica/install/interface_t1/share/interface_t1/cmake/rosidl_cmake_export_typesupport_targets-extras.cmake
[3.658s] -- Installing: /home/yesid/Robotica/install/interface_t1/share/interface_t1/cmake/rosidl_cmake_export_typesupport_libraries-extras.cmake
[3.658s] -- Installing: /home/yesid/Robotica/install/interface_t1/share/interface_t1/cmake/interface_t1Config.cmake
[3.658s] -- Up-to-date: /home/yesid/Robotica/install/interface_t1/share/interface_t1/cmake/interface_t1Config-version.cmake
[3.658s] -- Installing: /home/yesid/Robotica/install/interface_t1/share/interface_t1/package.xml
[3.662s] Invoked command in '/home/yesid/Robotica/build/interface_t1' returned '0': CMAKE_PREFIX_PATH=/home/yesid/Robotica/install/taller1:/home/yesid/Robotica/install/my_taller1:/opt/ros/humble /usr/bin/cmake --install /home/yesid/Robotica/build/interface_t1
