[0.279s] DEBUG:colcon:Command line arguments: ['/usr/bin/colcon', 'build']
[0.279s] DEBUG:colcon:Parsed command line arguments: Namespace(log_base=None, log_level=None, verb_name='build', build_base='build', install_base='install', merge_install=False, symlink_install=False, test_result_base=None, continue_on_error=False, executor='parallel', parallel_workers=8, event_handlers=None, ignore_user_meta=False, metas=['./colcon.meta'], base_paths=['.'], packages_ignore=None, packages_ignore_regex=None, paths=None, packages_up_to=None, packages_up_to_regex=None, packages_above=None, packages_above_and_dependencies=None, packages_above_depth=None, packages_select_by_dep=None, packages_skip_by_dep=None, packages_skip_up_to=None, packages_select_build_failed=False, packages_skip_build_finished=False, packages_select_test_failures=False, packages_skip_test_passed=False, packages_select=None, packages_skip=None, packages_select_regex=None, packages_skip_regex=None, packages_start=None, packages_end=None, allow_overriding=[], cmake_args=None, cmake_target=None, cmake_target_skip_unavailable=False, cmake_clean_cache=False, cmake_clean_first=False, cmake_force_configure=False, ament_cmake_args=None, catkin_cmake_args=None, catkin_skip_building_tests=False, verb_parser=<colcon_defaults.argument_parser.defaults.DefaultArgumentsDecorator object at 0x7ff07e3360e0>, verb_extension=<colcon_core.verb.build.BuildVerb object at 0x7ff07eab0c40>, main=<bound method BuildVerb.main of <colcon_core.verb.build.BuildVerb object at 0x7ff07eab0c40>>)
[0.308s] Level 1:colcon.colcon_core.package_discovery:discover_packages(colcon_meta) check parameters
[0.309s] Level 1:colcon.colcon_core.package_discovery:discover_packages(recursive) check parameters
[0.309s] Level 1:colcon.colcon_core.package_discovery:discover_packages(ignore) check parameters
[0.309s] Level 1:colcon.colcon_core.package_discovery:discover_packages(path) check parameters
[0.309s] Level 1:colcon.colcon_core.package_discovery:discover_packages(colcon_meta) discover
[0.309s] Level 1:colcon.colcon_core.package_discovery:discover_packages(recursive) discover
[0.309s] INFO:colcon.colcon_core.package_discovery:Crawling recursively for packages in '/home/yesid/Robotica'
[0.309s] Level 1:colcon.colcon_core.package_identification:_identify(.) by extensions ['ignore', 'ignore_ament_install']
[0.309s] Level 1:colcon.colcon_core.package_identification:_identify(.) by extension 'ignore'
[0.309s] Level 1:colcon.colcon_core.package_identification:_identify(.) by extension 'ignore_ament_install'
[0.309s] Level 1:colcon.colcon_core.package_identification:_identify(.) by extensions ['colcon_pkg']
[0.309s] Level 1:colcon.colcon_core.package_identification:_identify(.) by extension 'colcon_pkg'
[0.309s] Level 1:colcon.colcon_core.package_identification:_identify(.) by extensions ['colcon_meta']
[0.309s] Level 1:colcon.colcon_core.package_identification:_identify(.) by extension 'colcon_meta'
[0.309s] Level 1:colcon.colcon_core.package_identification:_identify(.) by extensions ['ros']
[0.309s] Level 1:colcon.colcon_core.package_identification:_identify(.) by extension 'ros'
[0.319s] Level 1:colcon.colcon_core.package_identification:_identify(.) by extensions ['cmake', 'python']
[0.319s] Level 1:colcon.colcon_core.package_identification:_identify(.) by extension 'cmake'
[0.319s] Level 1:colcon.colcon_core.package_identification:_identify(.) by extension 'python'
[0.319s] Level 1:colcon.colcon_core.package_identification:_identify(.) by extensions ['python_setup_py']
[0.319s] Level 1:colcon.colcon_core.package_identification:_identify(.) by extension 'python_setup_py'
[0.319s] Level 1:colcon.colcon_core.package_identification:_identify(build) by extensions ['ignore', 'ignore_ament_install']
[0.319s] Level 1:colcon.colcon_core.package_identification:_identify(build) by extension 'ignore'
[0.319s] Level 1:colcon.colcon_core.package_identification:_identify(build) ignored
[0.319s] Level 1:colcon.colcon_core.package_identification:_identify(install) by extensions ['ignore', 'ignore_ament_install']
[0.319s] Level 1:colcon.colcon_core.package_identification:_identify(install) by extension 'ignore'
[0.320s] Level 1:colcon.colcon_core.package_identification:_identify(install) ignored
[0.320s] Level 1:colcon.colcon_core.package_identification:_identify(log) by extensions ['ignore', 'ignore_ament_install']
[0.320s] Level 1:colcon.colcon_core.package_identification:_identify(log) by extension 'ignore'
[0.320s] Level 1:colcon.colcon_core.package_identification:_identify(log) ignored
[0.320s] Level 1:colcon.colcon_core.package_identification:_identify(src) by extensions ['ignore', 'ignore_ament_install']
[0.320s] Level 1:colcon.colcon_core.package_identification:_identify(src) by extension 'ignore'
[0.320s] Level 1:colcon.colcon_core.package_identification:_identify(src) by extension 'ignore_ament_install'
[0.320s] Level 1:colcon.colcon_core.package_identification:_identify(src) by extensions ['colcon_pkg']
[0.320s] Level 1:colcon.colcon_core.package_identification:_identify(src) by extension 'colcon_pkg'
[0.320s] Level 1:colcon.colcon_core.package_identification:_identify(src) by extensions ['colcon_meta']
[0.320s] Level 1:colcon.colcon_core.package_identification:_identify(src) by extension 'colcon_meta'
[0.320s] Level 1:colcon.colcon_core.package_identification:_identify(src) by extensions ['ros']
[0.320s] Level 1:colcon.colcon_core.package_identification:_identify(src) by extension 'ros'
[0.320s] Level 1:colcon.colcon_core.package_identification:_identify(src) by extensions ['cmake', 'python']
[0.320s] Level 1:colcon.colcon_core.package_identification:_identify(src) by extension 'cmake'
[0.320s] Level 1:colcon.colcon_core.package_identification:_identify(src) by extension 'python'
[0.320s] Level 1:colcon.colcon_core.package_identification:_identify(src) by extensions ['python_setup_py']
[0.320s] Level 1:colcon.colcon_core.package_identification:_identify(src) by extension 'python_setup_py'
[0.320s] Level 1:colcon.colcon_core.package_identification:_identify(src/my_taller1) by extensions ['ignore', 'ignore_ament_install']
[0.320s] Level 1:colcon.colcon_core.package_identification:_identify(src/my_taller1) by extension 'ignore'
[0.320s] Level 1:colcon.colcon_core.package_identification:_identify(src/my_taller1) by extension 'ignore_ament_install'
[0.321s] Level 1:colcon.colcon_core.package_identification:_identify(src/my_taller1) by extensions ['colcon_pkg']
[0.321s] Level 1:colcon.colcon_core.package_identification:_identify(src/my_taller1) by extension 'colcon_pkg'
[0.321s] Level 1:colcon.colcon_core.package_identification:_identify(src/my_taller1) by extensions ['colcon_meta']
[0.321s] Level 1:colcon.colcon_core.package_identification:_identify(src/my_taller1) by extension 'colcon_meta'
[0.321s] Level 1:colcon.colcon_core.package_identification:_identify(src/my_taller1) by extensions ['ros']
[0.321s] Level 1:colcon.colcon_core.package_identification:_identify(src/my_taller1) by extension 'ros'
[0.323s] DEBUG:colcon.colcon_core.package_identification:Package 'src/my_taller1' with type 'ros.ament_python' and name 'my_taller1'
[0.323s] Level 1:colcon.colcon_core.package_identification:_identify(src/taller1) by extensions ['ignore', 'ignore_ament_install']
[0.323s] Level 1:colcon.colcon_core.package_identification:_identify(src/taller1) by extension 'ignore'
[0.323s] Level 1:colcon.colcon_core.package_identification:_identify(src/taller1) by extension 'ignore_ament_install'
[0.323s] Level 1:colcon.colcon_core.package_identification:_identify(src/taller1) by extensions ['colcon_pkg']
[0.323s] Level 1:colcon.colcon_core.package_identification:_identify(src/taller1) by extension 'colcon_pkg'
[0.323s] Level 1:colcon.colcon_core.package_identification:_identify(src/taller1) by extensions ['colcon_meta']
[0.323s] Level 1:colcon.colcon_core.package_identification:_identify(src/taller1) by extension 'colcon_meta'
[0.323s] Level 1:colcon.colcon_core.package_identification:_identify(src/taller1) by extensions ['ros']
[0.323s] Level 1:colcon.colcon_core.package_identification:_identify(src/taller1) by extension 'ros'
[0.324s] DEBUG:colcon.colcon_core.package_identification:Package 'src/taller1' with type 'ros.ament_python' and name 'taller1'
[0.324s] Level 1:colcon.colcon_core.package_discovery:discover_packages(recursive) using defaults
[0.324s] Level 1:colcon.colcon_core.package_discovery:discover_packages(ignore) discover
[0.324s] Level 1:colcon.colcon_core.package_discovery:discover_packages(ignore) using defaults
[0.324s] Level 1:colcon.colcon_core.package_discovery:discover_packages(path) discover
[0.324s] Level 1:colcon.colcon_core.package_discovery:discover_packages(path) using defaults
[0.345s] Level 1:colcon.colcon_core.package_discovery:discover_packages(prefix_path) check parameters
[0.345s] Level 1:colcon.colcon_core.package_discovery:discover_packages(prefix_path) discover
[0.347s] DEBUG:colcon.colcon_installed_package_information.package_discovery:Found 2 installed packages in /home/yesid/Robotica/install
[0.349s] DEBUG:colcon.colcon_installed_package_information.package_discovery:Found 284 installed packages in /opt/ros/humble
[0.350s] Level 1:colcon.colcon_core.package_discovery:discover_packages(prefix_path) using defaults
[0.406s] Level 5:colcon.colcon_core.verb:set package 'my_taller1' build argument 'cmake_args' from command line to 'None'
[0.406s] Level 5:colcon.colcon_core.verb:set package 'my_taller1' build argument 'cmake_target' from command line to 'None'
[0.406s] Level 5:colcon.colcon_core.verb:set package 'my_taller1' build argument 'cmake_target_skip_unavailable' from command line to 'False'
[0.406s] Level 5:colcon.colcon_core.verb:set package 'my_taller1' build argument 'cmake_clean_cache' from command line to 'False'
[0.406s] Level 5:colcon.colcon_core.verb:set package 'my_taller1' build argument 'cmake_clean_first' from command line to 'False'
[0.406s] Level 5:colcon.colcon_core.verb:set package 'my_taller1' build argument 'cmake_force_configure' from command line to 'False'
[0.406s] Level 5:colcon.colcon_core.verb:set package 'my_taller1' build argument 'ament_cmake_args' from command line to 'None'
[0.406s] Level 5:colcon.colcon_core.verb:set package 'my_taller1' build argument 'catkin_cmake_args' from command line to 'None'
[0.406s] Level 5:colcon.colcon_core.verb:set package 'my_taller1' build argument 'catkin_skip_building_tests' from command line to 'False'
[0.406s] DEBUG:colcon.colcon_core.verb:Building package 'my_taller1' with the following arguments: {'ament_cmake_args': None, 'build_base': '/home/yesid/Robotica/build/my_taller1', 'catkin_cmake_args': None, 'catkin_skip_building_tests': False, 'cmake_args': None, 'cmake_clean_cache': False, 'cmake_clean_first': False, 'cmake_force_configure': False, 'cmake_target': None, 'cmake_target_skip_unavailable': False, 'install_base': '/home/yesid/Robotica/install/my_taller1', 'merge_install': False, 'path': '/home/yesid/Robotica/src/my_taller1', 'symlink_install': False, 'test_result_base': None}
[0.407s] Level 5:colcon.colcon_core.verb:set package 'taller1' build argument 'cmake_args' from command line to 'None'
[0.407s] Level 5:colcon.colcon_core.verb:set package 'taller1' build argument 'cmake_target' from command line to 'None'
[0.407s] Level 5:colcon.colcon_core.verb:set package 'taller1' build argument 'cmake_target_skip_unavailable' from command line to 'False'
[0.407s] Level 5:colcon.colcon_core.verb:set package 'taller1' build argument 'cmake_clean_cache' from command line to 'False'
[0.407s] Level 5:colcon.colcon_core.verb:set package 'taller1' build argument 'cmake_clean_first' from command line to 'False'
[0.407s] Level 5:colcon.colcon_core.verb:set package 'taller1' build argument 'cmake_force_configure' from command line to 'False'
[0.407s] Level 5:colcon.colcon_core.verb:set package 'taller1' build argument 'ament_cmake_args' from command line to 'None'
[0.407s] Level 5:colcon.colcon_core.verb:set package 'taller1' build argument 'catkin_cmake_args' from command line to 'None'
[0.407s] Level 5:colcon.colcon_core.verb:set package 'taller1' build argument 'catkin_skip_building_tests' from command line to 'False'
[0.407s] DEBUG:colcon.colcon_core.verb:Building package 'taller1' with the following arguments: {'ament_cmake_args': None, 'build_base': '/home/yesid/Robotica/build/taller1', 'catkin_cmake_args': None, 'catkin_skip_building_tests': False, 'cmake_args': None, 'cmake_clean_cache': False, 'cmake_clean_first': False, 'cmake_force_configure': False, 'cmake_target': None, 'cmake_target_skip_unavailable': False, 'install_base': '/home/yesid/Robotica/install/taller1', 'merge_install': False, 'path': '/home/yesid/Robotica/src/taller1', 'symlink_install': False, 'test_result_base': None}
[0.407s] INFO:colcon.colcon_core.executor:Executing jobs using 'parallel' executor
[0.410s] DEBUG:colcon.colcon_parallel_executor.executor.parallel:run_until_complete
[0.410s] INFO:colcon.colcon_ros.task.ament_python.build:Building ROS package in '/home/yesid/Robotica/src/my_taller1' with build type 'ament_python'
[0.411s] Level 1:colcon.colcon_core.shell:create_environment_hook('my_taller1', 'ament_prefix_path')
[0.414s] INFO:colcon.colcon_core.plugin_system:Skipping extension 'colcon_core.shell.bat': Not used on non-Windows systems
[0.414s] INFO:colcon.colcon_core.shell:Creating environment hook '/home/yesid/Robotica/install/my_taller1/share/my_taller1/hook/ament_prefix_path.ps1'
[0.415s] INFO:colcon.colcon_core.shell:Creating environment descriptor '/home/yesid/Robotica/install/my_taller1/share/my_taller1/hook/ament_prefix_path.dsv'
[0.415s] INFO:colcon.colcon_core.shell:Creating environment hook '/home/yesid/Robotica/install/my_taller1/share/my_taller1/hook/ament_prefix_path.sh'
[0.416s] INFO:colcon.colcon_core.shell:Skip shell extension 'powershell' for command environment: Not usable outside of PowerShell
[0.417s] DEBUG:colcon.colcon_core.shell:Skip shell extension 'dsv' for command environment
[0.420s] INFO:colcon.colcon_ros.task.ament_python.build:Building ROS package in '/home/yesid/Robotica/src/taller1' with build type 'ament_python'
[0.420s] Level 1:colcon.colcon_core.shell:create_environment_hook('taller1', 'ament_prefix_path')
[0.422s] INFO:colcon.colcon_core.shell:Creating environment hook '/home/yesid/Robotica/install/taller1/share/taller1/hook/ament_prefix_path.ps1'
[0.422s] INFO:colcon.colcon_core.shell:Creating environment descriptor '/home/yesid/Robotica/install/taller1/share/taller1/hook/ament_prefix_path.dsv'
[0.422s] INFO:colcon.colcon_core.shell:Creating environment hook '/home/yesid/Robotica/install/taller1/share/taller1/hook/ament_prefix_path.sh'
[0.424s] INFO:colcon.colcon_core.shell:Skip shell extension 'powershell' for command environment: Not usable outside of PowerShell
[0.424s] DEBUG:colcon.colcon_core.shell:Skip shell extension 'dsv' for command environment
[0.654s] INFO:colcon.colcon_core.task.python.build:Building Python package in '/home/yesid/Robotica/src/my_taller1'
[0.656s] INFO:colcon.colcon_core.shell:Skip shell extension 'powershell' for command environment: Not usable outside of PowerShell
[0.656s] DEBUG:colcon.colcon_core.shell:Skip shell extension 'dsv' for command environment
[0.909s] INFO:colcon.colcon_core.task.python.build:Building Python package in '/home/yesid/Robotica/src/taller1'
[0.911s] INFO:colcon.colcon_core.shell:Skip shell extension 'powershell' for command environment: Not usable outside of PowerShell
[0.911s] DEBUG:colcon.colcon_core.shell:Skip shell extension 'dsv' for command environment
[1.430s] DEBUG:colcon.colcon_core.event_handler.log_command:Invoking command in '/home/yesid/Robotica/src/my_taller1': PYTHONPATH=/home/yesid/Robotica/build/my_taller1/prefix_override:/home/yesid/Robotica/install/my_taller1/lib/python3.10/site-packages:${PYTHONPATH} /usr/bin/python3 setup.py egg_info --egg-base ../../build/my_taller1 build --build-base /home/yesid/Robotica/build/my_taller1/build install --record /home/yesid/Robotica/build/my_taller1/install.log --single-version-externally-managed
[1.463s] DEBUG:colcon.colcon_core.event_handler.log_command:Invoking command in '/home/yesid/Robotica/src/taller1': PYTHONPATH=/home/yesid/Robotica/build/taller1/prefix_override:/home/yesid/Robotica/install/taller1/lib/python3.10/site-packages:${PYTHONPATH} /usr/bin/python3 setup.py egg_info --egg-base ../../build/taller1 build --build-base /home/yesid/Robotica/build/taller1/build install --record /home/yesid/Robotica/build/taller1/install.log --single-version-externally-managed
[1.735s] DEBUG:colcon.colcon_core.event_handler.log_command:Invoked command in '/home/yesid/Robotica/src/my_taller1' returned '0': PYTHONPATH=/home/yesid/Robotica/build/my_taller1/prefix_override:/home/yesid/Robotica/install/my_taller1/lib/python3.10/site-packages:${PYTHONPATH} /usr/bin/python3 setup.py egg_info --egg-base ../../build/my_taller1 build --build-base /home/yesid/Robotica/build/my_taller1/build install --record /home/yesid/Robotica/build/my_taller1/install.log --single-version-externally-managed
[1.739s] Level 1:colcon.colcon_core.environment:checking '/home/yesid/Robotica/install/my_taller1' for CMake module files
[1.740s] Level 1:colcon.colcon_core.environment:checking '/home/yesid/Robotica/install/my_taller1' for CMake config files
[1.741s] Level 1:colcon.colcon_core.environment:checking '/home/yesid/Robotica/install/my_taller1/lib'
[1.741s] Level 1:colcon.colcon_core.environment:checking '/home/yesid/Robotica/install/my_taller1/bin'
[1.741s] Level 1:colcon.colcon_core.environment:checking '/home/yesid/Robotica/install/my_taller1/lib/pkgconfig/my_taller1.pc'
[1.742s] Level 1:colcon.colcon_core.environment:checking '/home/yesid/Robotica/install/my_taller1/lib/python3.10/site-packages'
[1.742s] Level 1:colcon.colcon_core.shell:create_environment_hook('my_taller1', 'pythonpath')
[1.743s] INFO:colcon.colcon_core.shell:Creating environment hook '/home/yesid/Robotica/install/my_taller1/share/my_taller1/hook/pythonpath.ps1'
[1.744s] INFO:colcon.colcon_core.shell:Creating environment descriptor '/home/yesid/Robotica/install/my_taller1/share/my_taller1/hook/pythonpath.dsv'
[1.744s] INFO:colcon.colcon_core.shell:Creating environment hook '/home/yesid/Robotica/install/my_taller1/share/my_taller1/hook/pythonpath.sh'
[1.744s] Level 1:colcon.colcon_core.environment:checking '/home/yesid/Robotica/install/my_taller1/bin'
[1.745s] Level 1:colcon.colcon_core.environment:create_environment_scripts_only(my_taller1)
[1.746s] INFO:colcon.colcon_core.shell:Creating package script '/home/yesid/Robotica/install/my_taller1/share/my_taller1/package.ps1'
[1.747s] INFO:colcon.colcon_core.shell:Creating package descriptor '/home/yesid/Robotica/install/my_taller1/share/my_taller1/package.dsv'
[1.748s] INFO:colcon.colcon_core.shell:Creating package script '/home/yesid/Robotica/install/my_taller1/share/my_taller1/package.sh'
[1.748s] INFO:colcon.colcon_core.shell:Creating package script '/home/yesid/Robotica/install/my_taller1/share/my_taller1/package.bash'
[1.749s] INFO:colcon.colcon_core.shell:Creating package script '/home/yesid/Robotica/install/my_taller1/share/my_taller1/package.zsh'
[1.749s] Level 1:colcon.colcon_core.environment:create_file_with_runtime_dependencies(/home/yesid/Robotica/install/my_taller1/share/colcon-core/packages/my_taller1)
[1.757s] Level 1:colcon.colcon_core.environment:checking '/home/yesid/Robotica/install/taller1' for CMake module files
[1.758s] Level 1:colcon.colcon_core.environment:checking '/home/yesid/Robotica/install/taller1' for CMake config files
[1.758s] DEBUG:colcon.colcon_core.event_handler.log_command:Invoked command in '/home/yesid/Robotica/src/taller1' returned '0': PYTHONPATH=/home/yesid/Robotica/build/taller1/prefix_override:/home/yesid/Robotica/install/taller1/lib/python3.10/site-packages:${PYTHONPATH} /usr/bin/python3 setup.py egg_info --egg-base ../../build/taller1 build --build-base /home/yesid/Robotica/build/taller1/build install --record /home/yesid/Robotica/build/taller1/install.log --single-version-externally-managed
[1.759s] Level 1:colcon.colcon_core.environment:checking '/home/yesid/Robotica/install/taller1/lib'
[1.759s] Level 1:colcon.colcon_core.environment:checking '/home/yesid/Robotica/install/taller1/bin'
[1.759s] Level 1:colcon.colcon_core.environment:checking '/home/yesid/Robotica/install/taller1/lib/pkgconfig/taller1.pc'
[1.759s] Level 1:colcon.colcon_core.environment:checking '/home/yesid/Robotica/install/taller1/lib/python3.10/site-packages'
[1.759s] Level 1:colcon.colcon_core.shell:create_environment_hook('taller1', 'pythonpath')
[1.760s] INFO:colcon.colcon_core.shell:Creating environment hook '/home/yesid/Robotica/install/taller1/share/taller1/hook/pythonpath.ps1'
[1.761s] INFO:colcon.colcon_core.shell:Creating environment descriptor '/home/yesid/Robotica/install/taller1/share/taller1/hook/pythonpath.dsv'
[1.761s] INFO:colcon.colcon_core.shell:Creating environment hook '/home/yesid/Robotica/install/taller1/share/taller1/hook/pythonpath.sh'
[1.762s] Level 1:colcon.colcon_core.environment:checking '/home/yesid/Robotica/install/taller1/bin'
[1.762s] Level 1:colcon.colcon_core.environment:create_environment_scripts_only(taller1)
[1.763s] INFO:colcon.colcon_core.shell:Creating package script '/home/yesid/Robotica/install/taller1/share/taller1/package.ps1'
[1.763s] INFO:colcon.colcon_core.shell:Creating package descriptor '/home/yesid/Robotica/install/taller1/share/taller1/package.dsv'
[1.764s] INFO:colcon.colcon_core.shell:Creating package script '/home/yesid/Robotica/install/taller1/share/taller1/package.sh'
[1.764s] INFO:colcon.colcon_core.shell:Creating package script '/home/yesid/Robotica/install/taller1/share/taller1/package.bash'
[1.764s] INFO:colcon.colcon_core.shell:Creating package script '/home/yesid/Robotica/install/taller1/share/taller1/package.zsh'
[1.765s] Level 1:colcon.colcon_core.environment:create_file_with_runtime_dependencies(/home/yesid/Robotica/install/taller1/share/colcon-core/packages/taller1)
[1.765s] DEBUG:colcon.colcon_parallel_executor.executor.parallel:closing loop
[1.765s] DEBUG:colcon.colcon_parallel_executor.executor.parallel:loop closed
[1.765s] DEBUG:colcon.colcon_parallel_executor.executor.parallel:run_until_complete finished with '0'
[1.765s] DEBUG:colcon.colcon_core.event_reactor:joining thread
[1.770s] INFO:colcon.colcon_core.plugin_system:Skipping extension 'colcon_notification.desktop_notification.terminal_notifier': Not used on non-Darwin systems
[1.770s] INFO:colcon.colcon_core.plugin_system:Skipping extension 'colcon_notification.desktop_notification.win32': Not used on non-Windows systems
[1.770s] INFO:colcon.colcon_notification.desktop_notification:Sending desktop notification using 'notify2'
[1.786s] DEBUG:colcon.colcon_core.event_reactor:joined thread
[1.787s] INFO:colcon.colcon_core.shell:Creating prefix script '/home/yesid/Robotica/install/local_setup.ps1'
[1.788s] INFO:colcon.colcon_core.shell:Creating prefix util module '/home/yesid/Robotica/install/_local_setup_util_ps1.py'
[1.790s] INFO:colcon.colcon_core.shell:Creating prefix chain script '/home/yesid/Robotica/install/setup.ps1'
[1.792s] INFO:colcon.colcon_core.shell:Creating prefix script '/home/yesid/Robotica/install/local_setup.sh'
[1.793s] INFO:colcon.colcon_core.shell:Creating prefix util module '/home/yesid/Robotica/install/_local_setup_util_sh.py'
[1.793s] INFO:colcon.colcon_core.shell:Creating prefix chain script '/home/yesid/Robotica/install/setup.sh'
[1.794s] INFO:colcon.colcon_core.shell:Creating prefix script '/home/yesid/Robotica/install/local_setup.bash'
[1.795s] INFO:colcon.colcon_core.shell:Creating prefix chain script '/home/yesid/Robotica/install/setup.bash'
[1.797s] INFO:colcon.colcon_core.shell:Creating prefix script '/home/yesid/Robotica/install/local_setup.zsh'
[1.797s] INFO:colcon.colcon_core.shell:Creating prefix chain script '/home/yesid/Robotica/install/setup.zsh'
